2023-04-03 10:11:04,393 django.utils.autoreload INFO     Watching for file changes with StatReloader
2023-04-03 10:11:04,594 crud.views   DEBUG    Test!!
2023-04-03 10:12:11,557 django.utils.autoreload INFO     E:\Новая папка\Ugib\ugib\crud\views.py changed, reloading.
2023-04-03 10:12:12,197 django.utils.autoreload INFO     Watching for file changes with StatReloader
2023-04-03 10:12:19,110 django.utils.autoreload INFO     E:\Новая папка\Ugib\ugib\crud\views.py changed, reloading.
2023-04-03 10:12:19,802 django.utils.autoreload INFO     Watching for file changes with StatReloader
2023-04-03 10:12:28,517 django.utils.autoreload INFO     E:\Новая папка\Ugib\ugib\crud\views.py changed, reloading.
2023-04-03 10:12:29,048 django.utils.autoreload INFO     Watching for file changes with StatReloader
2023-04-03 10:12:43,063 django.utils.autoreload INFO     E:\Новая папка\Ugib\ugib\crud\views.py changed, reloading.
2023-04-03 10:12:43,589 django.utils.autoreload INFO     Watching for file changes with StatReloader
2023-04-03 10:12:43,790 crud.views   INFO     Load <class 'crud.models.UdsMeta'> page
2023-04-03 10:13:22,682 django.utils.autoreload INFO     E:\Новая папка\Ugib\ugib\crud\views.py changed, reloading.
2023-04-03 10:13:23,286 django.utils.autoreload INFO     Watching for file changes with StatReloader
2023-04-03 10:13:23,502 crud.views   INFO     Load <class 'crud.models.UdsMeta'> page
2023-04-03 10:13:34,701 django.utils.autoreload INFO     E:\Новая папка\Ugib\ugib\crud\views.py changed, reloading.
2023-04-03 10:13:35,308 django.utils.autoreload INFO     Watching for file changes with StatReloader
2023-04-03 10:13:35,532 crud.views   INFO     Load <class 'crud.models.UdsMeta'> page
2023-04-03 10:13:58,646 django.utils.autoreload INFO     E:\Новая папка\Ugib\ugib\crud\views.py changed, reloading.
2023-04-03 10:13:59,205 django.utils.autoreload INFO     Watching for file changes with StatReloader
2023-04-03 10:13:59,423 crud.views   INFO     Load <class 'crud.models.UdsMeta'> page
2023-04-03 10:14:31,873 django.utils.autoreload INFO     E:\Новая папка\Ugib\ugib\crud\views.py changed, reloading.
2023-04-03 10:14:32,429 django.utils.autoreload INFO     Watching for file changes with StatReloader
2023-04-03 10:14:32,625 crud.views   INFO     Load <class 'crud.models.UdsMeta'> page
2023-04-03 10:14:59,869 django.utils.autoreload INFO     E:\Новая папка\Ugib\ugib\crud\views.py changed, reloading.
2023-04-03 10:15:00,424 django.utils.autoreload INFO     Watching for file changes with StatReloader
2023-04-03 10:15:00,639 crud.views   INFO     Load <class 'crud.models.UdsMeta'> page
2023-04-03 10:15:32,081 django.utils.autoreload INFO     E:\Новая папка\Ugib\ugib\crud\views.py changed, reloading.
2023-04-03 10:15:32,639 django.utils.autoreload INFO     Watching for file changes with StatReloader
2023-04-03 10:15:32,845 crud.views   INFO     Load <class 'crud.models.UdsMeta'> page
2023-04-03 10:16:17,199 django.utils.autoreload INFO     E:\Новая папка\Ugib\ugib\crud\views.py changed, reloading.
2023-04-03 10:16:17,755 django.utils.autoreload INFO     Watching for file changes with StatReloader
2023-04-03 10:16:17,949 crud.views   INFO     Load <class 'crud.models.UdsMeta'> page
2023-04-03 10:16:38,876 django.utils.autoreload INFO     E:\Новая папка\Ugib\ugib\crud\views.py changed, reloading.
2023-04-03 10:16:39,482 django.utils.autoreload INFO     Watching for file changes with StatReloader
2023-04-03 10:16:39,688 crud.views   INFO     Load <class 'crud.models.UdsMeta'> page
2023-04-03 10:17:02,619 django.utils.autoreload INFO     E:\Новая папка\Ugib\ugib\crud\views.py changed, reloading.
2023-04-03 10:17:03,203 django.utils.autoreload INFO     Watching for file changes with StatReloader
2023-04-03 10:17:03,412 crud.views   INFO     Load <class 'crud.models.UdsMeta'> page
2023-04-03 10:17:15,609 django.utils.autoreload INFO     E:\Новая папка\Ugib\ugib\crud\views.py changed, reloading.
2023-04-03 10:17:16,170 django.utils.autoreload INFO     Watching for file changes with StatReloader
2023-04-03 10:17:16,393 crud.views   INFO     Load <class 'crud.models.UdsMeta'> page
2023-04-03 10:17:23,320 django.utils.autoreload INFO     E:\Новая папка\Ugib\ugib\crud\views.py changed, reloading.
2023-04-03 10:17:23,881 django.utils.autoreload INFO     Watching for file changes with StatReloader
2023-04-03 10:17:24,083 crud.views   INFO     Load <class 'crud.models.UdsMeta'> page
2023-04-03 10:22:48,780 django.utils.autoreload INFO     E:\Новая папка\Ugib\ugib\ugib\settings.py changed, reloading.
2023-04-03 10:22:58,763 django.utils.autoreload INFO     Watching for file changes with StatReloader
2023-04-03 10:22:58,949 crud.views   INFO     Load <class 'crud.models.UdsMeta'> page
2023-04-03 10:23:03,799 django.utils.autoreload INFO     E:\Новая папка\Ugib\ugib\ugib\settings.py changed, reloading.
2023-04-03 10:23:13,578 django.utils.autoreload INFO     Watching for file changes with StatReloader
2023-04-03 10:23:13,780 crud.views   INFO     Load <class 'crud.models.UdsMeta'> page
2023-04-03 10:25:21,807 django.utils.autoreload INFO     E:\Новая папка\Ugib\ugib\ugib\settings.py changed, reloading.
2023-04-03 10:25:22,809 django.utils.autoreload INFO     Watching for file changes with StatReloader
2023-04-03 10:25:23,116 crud.views   INFO     Load <class 'crud.models.UdsMeta'> page
2023-04-03 10:27:02,998 django.utils.autoreload INFO     E:\Новая папка\Ugib\ugib\crud\views.py changed, reloading.
2023-04-03 10:27:03,744 django.utils.autoreload INFO     Watching for file changes with StatReloader
2023-04-03 10:27:04,968 crud.views   INFO     Load <class 'grr.models.UdsMetaGrrAccom'> page
2023-04-03 10:27:07,735 crud.views   INFO     Load <class 'grr.models.UdsMetaGrrStage'> page
2023-04-03 10:27:12,727 crud.views   INFO     Load <class 'crud.models.UdsMetaApr'> page
2023-04-03 10:27:40,157 crud.views   INFO     Load <class 'crud.models.UdsMeta'> page
2023-04-03 10:39:05,091 django.utils.autoreload INFO     Watching for file changes with StatReloader
2023-04-03 10:42:55,908 django.utils.autoreload INFO     E:\Новая папка\Ugib\ugib\crud\views.py changed, reloading.
2023-04-03 10:42:56,474 django.utils.autoreload INFO     Watching for file changes with StatReloader
2023-04-03 10:43:11,072 django.utils.autoreload INFO     E:\Новая папка\Ugib\ugib\crud\views.py changed, reloading.
2023-04-03 10:43:11,619 django.utils.autoreload INFO     Watching for file changes with StatReloader
2023-04-03 10:43:47,767 crud.views   INFO     Load <class 'crud.models.UdsMeta'> page
2023-04-03 10:43:56,312 crud.views   ERROR    When create unexpected error
2023-04-03 10:43:56,419 crud.views   INFO     Load <class 'crud.models.UdsMeta'> page
2023-04-03 10:44:19,702 django.utils.autoreload INFO     E:\Новая папка\Ugib\ugib\crud\views.py changed, reloading.
2023-04-03 10:44:20,313 django.utils.autoreload INFO     Watching for file changes with StatReloader
2023-04-03 10:46:34,442 django.utils.autoreload INFO     E:\Новая папка\Ugib\ugib\crud\views.py changed, reloading.
2023-04-03 10:46:35,089 django.utils.autoreload INFO     Watching for file changes with StatReloader
2023-04-03 10:46:38,600 crud.views   INFO     Load <class 'crud.models.UdsMeta'> page
2023-04-03 10:46:44,853 django.request ERROR    Internal Server Error: /
Traceback (most recent call last):
  File "E:\Новая папка\env\lib\site-packages\django\core\handlers\exception.py", line 55, in inner
    response = get_response(request)
  File "E:\Новая папка\env\lib\site-packages\django\core\handlers\base.py", line 197, in _get_response
    response = wrapped_callback(request, *callback_args, **callback_kwargs)
  File "E:\Новая папка\env\lib\site-packages\django\views\generic\base.py", line 103, in view
    return self.dispatch(request, *args, **kwargs)
  File "E:\Новая папка\env\lib\site-packages\django\views\generic\base.py", line 142, in dispatch
    return handler(request, *args, **kwargs)
  File "E:\Новая папка\Ugib\ugib\crud\views.py", line 469, in post
    with transaction.atomic:
AttributeError: __enter__
2023-04-03 10:47:08,264 django.utils.autoreload INFO     E:\Новая папка\Ugib\ugib\crud\views.py changed, reloading.
2023-04-03 10:47:08,866 django.utils.autoreload INFO     Watching for file changes with StatReloader
2023-04-03 10:47:10,312 crud.views   INFO     Load <class 'crud.models.UdsMeta'> page
2023-04-03 10:47:16,060 crud.views   INFO     Load <class 'crud.models.UdsMeta'> page
2023-04-03 10:47:22,865 crud.views   INFO     Load <class 'crud.models.UdsMeta'> page
2023-04-03 10:47:36,703 django.utils.autoreload INFO     E:\Новая папка\Ugib\ugib\crud\views.py changed, reloading.
2023-04-03 10:47:37,303 django.utils.autoreload INFO     Watching for file changes with StatReloader
2023-04-03 10:47:49,793 django.utils.autoreload INFO     E:\Новая папка\Ugib\ugib\crud\views.py changed, reloading.
2023-04-03 10:47:50,353 django.utils.autoreload INFO     Watching for file changes with StatReloader
2023-04-03 10:51:49,308 django.utils.autoreload INFO     E:\Новая папка\Ugib\ugib\crud\views.py changed, reloading.
2023-04-03 10:51:49,885 django.utils.autoreload INFO     Watching for file changes with StatReloader
2023-04-03 11:28:33,180 django.utils.autoreload INFO     E:\Новая папка\Ugib\ugib\crud\views.py changed, reloading.
2023-04-03 11:28:33,867 django.utils.autoreload INFO     Watching for file changes with StatReloader
2023-04-03 11:28:39,372 django.utils.autoreload INFO     E:\Новая папка\Ugib\ugib\crud\views.py changed, reloading.
2023-04-03 11:28:39,888 django.utils.autoreload INFO     Watching for file changes with StatReloader
2023-04-03 11:28:53,408 django.utils.autoreload INFO     E:\Новая папка\Ugib\ugib\crud\views.py changed, reloading.
2023-04-03 11:28:53,968 django.utils.autoreload INFO     Watching for file changes with StatReloader
2023-04-03 11:28:57,355 django.utils.autoreload INFO     E:\Новая папка\Ugib\ugib\crud\views.py changed, reloading.
2023-04-03 11:28:57,854 django.utils.autoreload INFO     Watching for file changes with StatReloader
2023-04-03 11:29:10,238 django.utils.autoreload INFO     E:\Новая папка\Ugib\ugib\crud\views.py changed, reloading.
2023-04-03 11:29:10,789 django.utils.autoreload INFO     Watching for file changes with StatReloader
2023-04-03 11:29:11,367 crud.views   INFO     Load <class 'crud.models.UdsMeta'> page
2023-04-03 12:01:07,265 crud.views   INFO     Load <class 'crud.models.UdsMeta'> page
2023-04-03 13:51:34,144 crud.views   INFO     Load <class 'crud.models.UdsMeta'> page
2023-04-03 13:51:34,994 django.request WARNING  Not Found: /favicon.ico
2023-04-03 13:52:18,500 django.utils.autoreload INFO     E:\Новая папка\Ugib\ugib\ugib\settings.py changed, reloading.
2023-04-03 13:52:19,212 django.utils.autoreload INFO     Watching for file changes with StatReloader
2023-04-03 13:52:20,161 crud.views   INFO     Load <class 'crud.models.UdsMeta'> page
2023-04-03 13:52:30,147 crud.views   INFO     Load <class 'crud.models.UdsMeta'> page
2023-04-03 14:10:05,957 crud.views   INFO     Load <class 'crud.models.UdsMeta'> page
2023-04-03 14:25:28,726 django.utils.autoreload INFO     E:\Новая папка\Ugib\ugib\crud\views.py changed, reloading.
2023-04-03 14:25:29,362 django.utils.autoreload INFO     Watching for file changes with StatReloader
2023-04-03 14:55:03,286 crud.views   INFO     Load <class 'crud.models.UdsMeta'> page
2023-04-03 15:19:17,792 django.utils.autoreload INFO     E:\Новая папка\Ugib\ugib\ugib\settings.py changed, reloading.
2023-04-03 15:19:18,470 django.utils.autoreload INFO     Watching for file changes with StatReloader
2023-04-03 15:19:30,827 django.utils.autoreload INFO     E:\Новая папка\Ugib\ugib\ugib\settings.py changed, reloading.
2023-04-03 15:19:31,303 django.utils.autoreload INFO     Watching for file changes with StatReloader
2023-04-03 15:19:33,917 django.utils.autoreload INFO     E:\Новая папка\Ugib\ugib\ugib\settings.py changed, reloading.
2023-04-03 15:19:34,399 django.utils.autoreload INFO     Watching for file changes with StatReloader
2023-04-03 15:19:48,315 django.utils.autoreload INFO     Watching for file changes with StatReloader
2023-04-03 15:19:52,778 crud.views   INFO     Load <class 'crud.models.UdsMeta'> page
2023-04-03 16:16:35,311 django.utils.autoreload INFO     E:\Новая папка\Ugib\ugib\grr\views.py changed, reloading.
2023-04-03 16:16:36,226 django.utils.autoreload INFO     Watching for file changes with StatReloader
2023-04-03 16:56:25,501 crud.views   INFO     Load <class 'grr.models.UdsMetaGrrStage'> page
2023-04-03 16:56:32,082 crud.views   INFO     Load <class 'grr.models.UdsMetaGrrStage'> page
2023-04-03 16:56:34,970 crud.views   INFO     Load <class 'grr.models.UdsMetaGrrStage'> page
2023-04-03 17:15:00,102 django.utils.autoreload INFO     Watching for file changes with StatReloader
2023-04-03 17:15:02,325 crud.views   INFO     Load <class 'grr.models.UdsMetaGrrStage'> page
2023-04-03 17:15:03,277 django.request WARNING  Not Found: /favicon.ico
2023-04-03 17:15:03,290 crud.views   INFO     Load <class 'crud.models.UdsMeta'> page
2023-04-03 17:17:09,923 crud.views   INFO     Load <class 'crud.models.UdsMeta'> page
2023-04-03 17:17:10,686 crud.views   INFO     Load <class 'crud.models.UdsMeta'> page
2023-04-03 17:17:11,030 django.request WARNING  Not Found: /favicon.ico
2023-04-03 17:17:12,242 crud.views   INFO     Load <class 'crud.models.UdsMeta'> page
2023-04-03 17:17:39,324 crud.views   INFO     Load <class 'crud.models.UdsMeta'> page
2023-04-03 17:17:45,458 crud.views   INFO     Load <class 'crud.models.UdsMeta'> page
2023-04-03 17:19:53,287 django.request WARNING  Not Found: /favicon.ico
2023-04-03 17:19:57,879 crud.views   INFO     Load <class 'crud.models.UdsMeta'> page
2023-04-03 17:19:58,887 django.request WARNING  Not Found: /favicon.ico
2023-04-03 17:20:50,167 crud.views   INFO     Load <class 'crud.models.UdsMeta'> page
2023-04-03 17:21:10,055 crud.views   INFO     Load <class 'crud.models.UdsMeta'> page
2023-04-03 17:21:11,141 crud.views   INFO     Load <class 'crud.models.UdsMeta'> page
2023-04-03 17:21:25,361 django.request WARNING  Not Found: /favicon.ico
2023-04-03 17:21:55,096 crud.views   INFO     Load <class 'crud.models.UdsMeta'> page
2023-04-03 17:23:46,432 crud.views   INFO     Load <class 'crud.models.UdsMeta'> page
2023-04-04 09:29:15,939 django.utils.autoreload INFO     Watching for file changes with StatReloader
2023-04-04 09:50:05,601 crud.views   INFO     Load <class 'crud.models.UdsMeta'> page
2023-04-04 09:50:07,428 django.request WARNING  Not Found: /favicon.ico
2023-04-04 09:59:18,519 crud.views   INFO     Load <class 'crud.models.UdsMeta'> page
2023-04-04 09:59:18,866 crud.views   INFO     Load <class 'crud.models.UdsMeta'> page
2023-04-04 09:59:20,155 django.request WARNING  Not Found: /favicon.ico
2023-04-04 10:00:15,889 crud.views   INFO     Load <class 'crud.models.UdsMeta'> page
2023-04-04 10:00:16,568 crud.views   INFO     Load <class 'crud.models.UdsMeta'> page
2023-04-04 10:00:17,899 django.request WARNING  Not Found: /favicon.ico
2023-04-04 10:00:17,909 django.request WARNING  Not Found: /favicon.ico
2023-04-04 10:07:46,273 crud.views   INFO     Load <class 'crud.models.UdsMeta'> page
2023-04-04 10:08:22,769 crud.views   INFO     Load <class 'crud.models.UdsMeta'> page
2023-04-04 10:09:54,003 crud.views   INFO     Load <class 'crud.models.UdsMeta'> page
2023-04-04 10:10:52,375 crud.views   INFO     Load <class 'crud.models.UdsMeta'> page
2023-04-04 10:10:53,379 crud.views   INFO     Load <class 'crud.models.UdsMeta'> page
2023-04-04 10:10:54,648 django.request WARNING  Not Found: /favicon.ico
2023-04-04 10:16:55,689 crud.views   INFO     Load <class 'crud.models.UdsMeta'> page
2023-04-04 10:17:01,668 crud.views   INFO     Load <class 'crud.models.UdsMeta'> page
2023-04-04 10:17:09,427 crud.views   INFO     Load <class 'crud.models.UdsMeta'> page
2023-04-04 10:17:13,951 crud.views   INFO     Load <class 'crud.models.UdsMeta'> page
2023-04-04 11:11:19,476 crud.views   INFO     Load <class 'crud.models.UdsMeta'> page
2023-04-04 11:11:25,614 crud.views   INFO     Load <class 'crud.models.UdsMeta'> page
2023-04-04 12:02:16,354 django.utils.autoreload INFO     E:\Новая папка\Ugib\ugib\crud\templatetags\crud_extras.py changed, reloading.
2023-04-04 12:02:17,379 django.utils.autoreload INFO     Watching for file changes with StatReloader
2023-04-04 12:03:34,687 crud.views   INFO     Load <class 'crud.models.UdsMeta'> page
2023-04-04 12:54:00,575 crud.views   INFO     Load <class 'crud.models.UdsMeta'> page
2023-04-04 13:12:15,850 crud.views   INFO     Load <class 'crud.models.UdsMeta'> page
2023-04-04 13:32:30,878 django.utils.autoreload INFO     E:\Новая папка\Ugib\ugib\crud\templatetags\crud_extras.py changed, reloading.
2023-04-04 13:32:31,637 django.utils.autoreload INFO     Watching for file changes with StatReloader
2023-04-04 15:49:27,840 crud.views   INFO     Load <class 'crud.models.UdsMeta'> page
2023-04-04 15:49:28,893 django.request WARNING  Not Found: /favicon.ico
2023-04-04 15:49:43,320 crud.views   ERROR    When logun ObjectDoesNotExist
2023-04-04 15:49:43,393 crud.views   INFO     Load <class 'crud.models.UdsMeta'> page
2023-04-04 15:50:05,357 crud.views   ERROR    When logun ObjectDoesNotExist
2023-04-04 15:50:05,432 crud.views   INFO     Load <class 'crud.models.UdsMeta'> page
2023-04-04 15:50:18,030 crud.views   INFO     Load <class 'crud.models.UdsMeta'> page
2023-04-04 15:50:27,901 crud.views   INFO     Load <class 'crud.models.UdsMeta'> page
2023-04-04 16:38:20,400 django.utils.autoreload INFO     E:\Новая папка\Ugib\ugib\crud\views.py changed, reloading.
2023-04-04 16:38:21,747 django.utils.autoreload INFO     Watching for file changes with StatReloader
2023-04-04 16:38:26,310 django.utils.autoreload INFO     E:\Новая папка\Ugib\ugib\crud\views.py changed, reloading.
2023-04-04 16:38:26,903 django.utils.autoreload INFO     Watching for file changes with StatReloader
2023-04-04 16:38:35,339 django.utils.autoreload INFO     E:\Новая папка\Ugib\ugib\crud\views.py changed, reloading.
2023-04-04 16:38:35,929 django.utils.autoreload INFO     Watching for file changes with StatReloader
2023-04-04 16:38:40,374 django.utils.autoreload INFO     E:\Новая папка\Ugib\ugib\crud\views.py changed, reloading.
2023-04-04 16:38:40,938 django.utils.autoreload INFO     Watching for file changes with StatReloader
2023-04-04 16:38:52,220 crud.views   INFO     Load <class 'crud.models.UdsMeta'> page
2023-04-04 16:38:56,959 crud.views   INFO     Load <class 'crud.models.UdsMeta'> page
2023-04-04 16:39:14,077 django.utils.autoreload INFO     E:\Новая папка\Ugib\ugib\crud\views.py changed, reloading.
2023-04-04 16:39:14,707 django.utils.autoreload INFO     Watching for file changes with StatReloader
2023-04-04 16:39:24,046 django.utils.autoreload INFO     E:\Новая папка\Ugib\ugib\crud\views.py changed, reloading.
2023-04-04 16:39:24,615 django.utils.autoreload INFO     Watching for file changes with StatReloader
2023-04-04 16:39:46,807 django.utils.autoreload INFO     E:\Новая папка\Ugib\ugib\crud\views.py changed, reloading.
2023-04-04 16:39:47,416 django.utils.autoreload INFO     Watching for file changes with StatReloader
2023-04-04 16:39:48,007 crud.views   INFO     Load <class 'crud.models.UdsMeta'> page
2023-04-04 16:39:50,802 crud.views   INFO     Load <class 'crud.models.UdsMeta'> page
2023-04-04 16:40:02,777 crud.views   INFO     Load <class 'crud.models.UdsMeta'> page
2023-04-04 16:43:26,882 django.utils.autoreload INFO     E:\Новая папка\Ugib\ugib\crud\views.py changed, reloading.
2023-04-04 16:43:27,479 django.utils.autoreload INFO     Watching for file changes with StatReloader
2023-04-04 16:43:30,578 crud.views   INFO     Load <class 'crud.models.UdsMeta'> page
2023-04-04 16:43:33,775 crud.views   INFO     Load <class 'crud.models.UdsMeta'> page
2023-04-04 16:43:42,357 django.request ERROR    Internal Server Error: /
Traceback (most recent call last):
  File "E:\Новая папка\env\lib\site-packages\django\utils\datastructures.py", line 84, in __getitem__
    list_ = super().__getitem__(key)
KeyError: 'cur_page'

During handling of the above exception, another exception occurred:

Traceback (most recent call last):
  File "E:\Новая папка\env\lib\site-packages\django\core\handlers\exception.py", line 55, in inner
    response = get_response(request)
  File "E:\Новая папка\env\lib\site-packages\django\core\handlers\base.py", line 197, in _get_response
    response = wrapped_callback(request, *callback_args, **callback_kwargs)
  File "E:\Новая папка\env\lib\site-packages\django\views\generic\base.py", line 103, in view
    return self.dispatch(request, *args, **kwargs)
  File "E:\Новая папка\env\lib\site-packages\django\views\generic\base.py", line 142, in dispatch
    return handler(request, *args, **kwargs)
  File "E:\Новая папка\Ugib\ugib\crud\views.py", line 516, in post
    cur_page_link = request.POST["cur_page"]
  File "E:\Новая папка\env\lib\site-packages\django\utils\datastructures.py", line 86, in __getitem__
    raise MultiValueDictKeyError(key)
django.utils.datastructures.MultiValueDictKeyError: 'cur_page'
2023-04-04 16:43:55,697 django.utils.autoreload INFO     E:\Новая папка\Ugib\ugib\crud\views.py changed, reloading.
2023-04-04 16:43:56,326 django.utils.autoreload INFO     Watching for file changes with StatReloader
2023-04-04 16:43:56,875 crud.views   INFO     Load <class 'crud.models.UdsMeta'> page
2023-04-04 16:44:01,364 crud.views   INFO     Load <class 'crud.models.UdsMeta'> page
2023-04-04 16:44:11,171 django.request ERROR    Internal Server Error: /
Traceback (most recent call last):
  File "E:\Новая папка\env\lib\site-packages\django\utils\datastructures.py", line 84, in __getitem__
    list_ = super().__getitem__(key)
KeyError: 'current_page'

During handling of the above exception, another exception occurred:

Traceback (most recent call last):
  File "E:\Новая папка\env\lib\site-packages\django\core\handlers\exception.py", line 55, in inner
    response = get_response(request)
  File "E:\Новая папка\env\lib\site-packages\django\core\handlers\base.py", line 197, in _get_response
    response = wrapped_callback(request, *callback_args, **callback_kwargs)
  File "E:\Новая папка\env\lib\site-packages\django\views\generic\base.py", line 103, in view
    return self.dispatch(request, *args, **kwargs)
  File "E:\Новая папка\env\lib\site-packages\django\views\generic\base.py", line 142, in dispatch
    return handler(request, *args, **kwargs)
  File "E:\Новая папка\Ugib\ugib\crud\views.py", line 516, in post
    cur_page_link = request.POST["current_page"]
  File "E:\Новая папка\env\lib\site-packages\django\utils\datastructures.py", line 86, in __getitem__
    raise MultiValueDictKeyError(key)
django.utils.datastructures.MultiValueDictKeyError: 'current_page'
2023-04-04 16:44:30,012 crud.views   INFO     Load <class 'crud.models.UdsMeta'> page
2023-04-04 16:44:30,865 crud.views   INFO     Load <class 'crud.models.UdsMeta'> page
2023-04-04 16:44:31,501 django.request WARNING  Not Found: /favicon.ico
2023-04-04 16:44:31,721 crud.views   INFO     Load <class 'crud.models.UdsMeta'> page
2023-04-04 16:44:32,054 django.request WARNING  Not Found: /favicon.ico
2023-04-04 16:44:34,841 crud.views   INFO     Load <class 'crud.models.UdsMeta'> page
2023-04-04 16:44:42,018 django.request ERROR    Internal Server Error: /
Traceback (most recent call last):
  File "E:\Новая папка\env\lib\site-packages\django\db\models\options.py", line 668, in get_field
    return self.fields_map[field_name]
KeyError: 'nt_pag'

During handling of the above exception, another exception occurred:

Traceback (most recent call last):
  File "E:\Новая папка\env\lib\site-packages\django\core\handlers\exception.py", line 55, in inner
    response = get_response(request)
  File "E:\Новая папка\env\lib\site-packages\django\core\handlers\base.py", line 197, in _get_response
    response = wrapped_callback(request, *callback_args, **callback_kwargs)
  File "E:\Новая папка\env\lib\site-packages\django\views\generic\base.py", line 103, in view
    return self.dispatch(request, *args, **kwargs)
  File "E:\Новая папка\env\lib\site-packages\django\views\generic\base.py", line 142, in dispatch
    return handler(request, *args, **kwargs)
  File "E:\Новая папка\Ugib\ugib\crud\views.py", line 506, in post
    self.data_models.objects.filter(oid = form_data["oid"]).update(**form_data)
  File "E:\Новая папка\env\lib\site-packages\django\db\models\query.py", line 1172, in update
    query.add_update_values(kwargs)
  File "E:\Новая папка\env\lib\site-packages\django\db\models\sql\subqueries.py", line 88, in add_update_values
    field = self.get_meta().get_field(name)
  File "E:\Новая папка\env\lib\site-packages\django\db\models\options.py", line 670, in get_field
    raise FieldDoesNotExist(
django.core.exceptions.FieldDoesNotExist: UdsMeta has no field named 'nt_pag'
2023-04-04 16:45:15,502 crud.views   INFO     Load <class 'crud.models.UdsMeta'> page
2023-04-04 16:45:16,982 crud.views   INFO     Load <class 'crud.models.UdsMeta'> page
2023-04-04 16:45:17,965 django.request WARNING  Not Found: /favicon.ico
2023-04-04 16:45:27,756 django.request ERROR    Internal Server Error: /
Traceback (most recent call last):
  File "E:\Новая папка\env\lib\site-packages\django\db\models\options.py", line 668, in get_field
    return self.fields_map[field_name]
KeyError: 'nt_pag'

During handling of the above exception, another exception occurred:

Traceback (most recent call last):
  File "E:\Новая папка\env\lib\site-packages\django\core\handlers\exception.py", line 55, in inner
    response = get_response(request)
  File "E:\Новая папка\env\lib\site-packages\django\core\handlers\base.py", line 197, in _get_response
    response = wrapped_callback(request, *callback_args, **callback_kwargs)
  File "E:\Новая папка\env\lib\site-packages\django\views\generic\base.py", line 103, in view
    return self.dispatch(request, *args, **kwargs)
  File "E:\Новая папка\env\lib\site-packages\django\views\generic\base.py", line 142, in dispatch
    return handler(request, *args, **kwargs)
  File "E:\Новая папка\Ugib\ugib\crud\views.py", line 506, in post
    self.data_models.objects.filter(oid = form_data["oid"]).update(**form_data)
  File "E:\Новая папка\env\lib\site-packages\django\db\models\query.py", line 1172, in update
    query.add_update_values(kwargs)
  File "E:\Новая папка\env\lib\site-packages\django\db\models\sql\subqueries.py", line 88, in add_update_values
    field = self.get_meta().get_field(name)
  File "E:\Новая папка\env\lib\site-packages\django\db\models\options.py", line 670, in get_field
    raise FieldDoesNotExist(
django.core.exceptions.FieldDoesNotExist: UdsMeta has no field named 'nt_pag'
2023-04-04 16:46:11,979 django.utils.autoreload INFO     E:\Новая папка\Ugib\ugib\crud\views.py changed, reloading.
2023-04-04 16:46:12,608 django.utils.autoreload INFO     Watching for file changes with StatReloader
2023-04-04 16:46:14,576 crud.views   INFO     Load <class 'crud.models.UdsMeta'> page
2023-04-04 16:46:18,652 django.request ERROR    Internal Server Error: /
Traceback (most recent call last):
  File "E:\Новая папка\env\lib\site-packages\django\db\models\options.py", line 668, in get_field
    return self.fields_map[field_name]
KeyError: 'nt_pag'

During handling of the above exception, another exception occurred:

Traceback (most recent call last):
  File "E:\Новая папка\env\lib\site-packages\django\core\handlers\exception.py", line 55, in inner
    response = get_response(request)
  File "E:\Новая папка\env\lib\site-packages\django\core\handlers\base.py", line 197, in _get_response
    response = wrapped_callback(request, *callback_args, **callback_kwargs)
  File "E:\Новая папка\env\lib\site-packages\django\views\generic\base.py", line 103, in view
    return self.dispatch(request, *args, **kwargs)
  File "E:\Новая папка\env\lib\site-packages\django\views\generic\base.py", line 142, in dispatch
    return handler(request, *args, **kwargs)
  File "E:\Новая папка\Ugib\ugib\crud\views.py", line 506, in post
    self.data_models.objects.filter(oid = form_data["oid"]).update(**form_data)
  File "E:\Новая папка\env\lib\site-packages\django\db\models\query.py", line 1172, in update
    query.add_update_values(kwargs)
  File "E:\Новая папка\env\lib\site-packages\django\db\models\sql\subqueries.py", line 88, in add_update_values
    field = self.get_meta().get_field(name)
  File "E:\Новая папка\env\lib\site-packages\django\db\models\options.py", line 670, in get_field
    raise FieldDoesNotExist(
django.core.exceptions.FieldDoesNotExist: UdsMeta has no field named 'nt_pag'
2023-04-04 16:47:09,727 django.utils.autoreload INFO     E:\Новая папка\Ugib\ugib\crud\views.py changed, reloading.
2023-04-04 16:47:10,341 django.utils.autoreload INFO     Watching for file changes with StatReloader
2023-04-04 16:47:13,165 crud.views   INFO     Load <class 'crud.models.UdsMeta'> page
2023-04-04 16:47:20,063 django.request ERROR    Internal Server Error: /
Traceback (most recent call last):
  File "E:\Новая папка\env\lib\site-packages\django\db\models\options.py", line 668, in get_field
    return self.fields_map[field_name]
KeyError: 'nt_pag'

During handling of the above exception, another exception occurred:

Traceback (most recent call last):
  File "E:\Новая папка\env\lib\site-packages\django\core\handlers\exception.py", line 55, in inner
    response = get_response(request)
  File "E:\Новая папка\env\lib\site-packages\django\core\handlers\base.py", line 197, in _get_response
    response = wrapped_callback(request, *callback_args, **callback_kwargs)
  File "E:\Новая папка\env\lib\site-packages\django\views\generic\base.py", line 103, in view
    return self.dispatch(request, *args, **kwargs)
  File "E:\Новая папка\env\lib\site-packages\django\views\generic\base.py", line 142, in dispatch
    return handler(request, *args, **kwargs)
  File "E:\Новая папка\Ugib\ugib\crud\views.py", line 508, in post
    self.data_models.objects.filter(oid = form_data["oid"]).update(**form_data)
  File "E:\Новая папка\env\lib\site-packages\django\db\models\query.py", line 1172, in update
    query.add_update_values(kwargs)
  File "E:\Новая папка\env\lib\site-packages\django\db\models\sql\subqueries.py", line 88, in add_update_values
    field = self.get_meta().get_field(name)
  File "E:\Новая папка\env\lib\site-packages\django\db\models\options.py", line 670, in get_field
    raise FieldDoesNotExist(
django.core.exceptions.FieldDoesNotExist: UdsMeta has no field named 'nt_pag'
2023-04-04 16:47:32,307 crud.views   INFO     Load <class 'crud.models.UdsMeta'> page
2023-04-04 16:47:33,441 django.request WARNING  Not Found: /favicon.ico
2023-04-04 16:47:34,174 crud.views   INFO     Load <class 'crud.models.UdsMeta'> page
2023-04-04 16:47:35,135 django.request WARNING  Not Found: /favicon.ico
2023-04-04 16:48:03,799 django.utils.autoreload INFO     E:\Новая папка\Ugib\ugib\crud\views.py changed, reloading.
2023-04-04 16:48:04,436 django.utils.autoreload INFO     Watching for file changes with StatReloader
2023-04-04 16:48:13,839 django.utils.autoreload INFO     E:\Новая папка\Ugib\ugib\crud\views.py changed, reloading.
2023-04-04 16:48:14,401 django.utils.autoreload INFO     Watching for file changes with StatReloader
2023-04-04 16:48:38,777 django.utils.autoreload INFO     E:\Новая папка\Ugib\ugib\crud\views.py changed, reloading.
2023-04-04 16:48:39,423 django.utils.autoreload INFO     Watching for file changes with StatReloader
2023-04-04 16:48:51,967 django.utils.autoreload INFO     E:\Новая папка\Ugib\ugib\crud\views.py changed, reloading.
2023-04-04 16:48:52,635 django.utils.autoreload INFO     Watching for file changes with StatReloader
2023-04-04 16:49:02,877 crud.views   INFO     Load <class 'crud.models.UdsMeta'> page
2023-04-04 16:49:04,235 django.request WARNING  Not Found: /favicon.ico
2023-04-04 16:49:08,173 django.request ERROR    Internal Server Error: /
Traceback (most recent call last):
  File "E:\Новая папка\env\lib\site-packages\django\core\handlers\exception.py", line 55, in inner
    response = get_response(request)
  File "E:\Новая папка\env\lib\site-packages\django\core\handlers\base.py", line 197, in _get_response
    response = wrapped_callback(request, *callback_args, **callback_kwargs)
  File "E:\Новая папка\env\lib\site-packages\django\views\generic\base.py", line 103, in view
    return self.dispatch(request, *args, **kwargs)
  File "E:\Новая папка\env\lib\site-packages\django\views\generic\base.py", line 142, in dispatch
    return handler(request, *args, **kwargs)
  File "E:\Новая папка\Ugib\ugib\crud\views.py", line 499, in post
    cur_page_link = form_data.pop("current_page")
KeyError: 'current_page'
2023-04-04 16:49:43,840 django.utils.autoreload INFO     E:\Новая папка\Ugib\ugib\crud\views.py changed, reloading.
2023-04-04 16:49:44,558 django.utils.autoreload INFO     Watching for file changes with StatReloader
2023-04-04 16:49:45,230 crud.views   INFO     Load <class 'crud.models.UdsMeta'> page
2023-04-04 16:49:50,532 django.request ERROR    Internal Server Error: /
Traceback (most recent call last):
  File "E:\Новая папка\env\lib\site-packages\django\core\handlers\exception.py", line 55, in inner
    response = get_response(request)
  File "E:\Новая папка\env\lib\site-packages\django\core\handlers\base.py", line 197, in _get_response
    response = wrapped_callback(request, *callback_args, **callback_kwargs)
  File "E:\Новая папка\env\lib\site-packages\django\views\generic\base.py", line 103, in view
    return self.dispatch(request, *args, **kwargs)
  File "E:\Новая папка\env\lib\site-packages\django\views\generic\base.py", line 142, in dispatch
    return handler(request, *args, **kwargs)
  File "E:\Новая папка\Ugib\ugib\crud\views.py", line 499, in post
    cur_page_link = form_data.pop("current_page")
KeyError: 'current_page'
2023-04-04 16:50:05,889 django.utils.autoreload INFO     E:\Новая папка\Ugib\ugib\crud\views.py changed, reloading.
2023-04-04 16:50:06,499 django.utils.autoreload INFO     Watching for file changes with StatReloader
2023-04-04 16:50:10,440 django.utils.autoreload INFO     E:\Новая папка\Ugib\ugib\crud\views.py changed, reloading.
2023-04-04 16:50:11,112 django.utils.autoreload INFO     Watching for file changes with StatReloader
2023-04-04 16:50:11,844 crud.views   INFO     Load <class 'crud.models.UdsMeta'> page
2023-04-04 16:50:14,527 crud.views   INFO     Load <class 'crud.models.UdsMeta'> page
2023-04-04 16:50:22,133 crud.views   INFO     Load <class 'crud.models.UdsMeta'> page
2023-04-04 16:50:26,823 django.utils.autoreload INFO     E:\Новая папка\Ugib\ugib\crud\views.py changed, reloading.
2023-04-04 16:50:27,585 django.utils.autoreload INFO     Watching for file changes with StatReloader
2023-04-04 16:50:29,692 crud.views   INFO     Load <class 'crud.models.UdsMeta'> page
2023-04-04 16:50:34,163 crud.views   INFO     Load <class 'crud.models.UdsMeta'> page
2023-04-04 16:50:40,266 crud.views   INFO     Load <class 'crud.models.UdsMeta'> page
2023-04-04 16:50:51,607 crud.views   INFO     Load <class 'crud.models.UdsMeta'> page
2023-04-04 16:51:19,984 django.utils.autoreload INFO     E:\Новая папка\Ugib\ugib\crud\views.py changed, reloading.
2023-04-04 16:51:20,623 django.utils.autoreload INFO     Watching for file changes with StatReloader
2023-04-04 16:51:21,270 crud.views   INFO     Load <class 'crud.models.UdsMeta'> page
2023-04-04 16:51:22,974 crud.views   INFO     Load <class 'crud.models.UdsMeta'> page
2023-04-04 16:51:35,274 django.utils.autoreload INFO     E:\Новая папка\Ugib\ugib\crud\views.py changed, reloading.
2023-04-04 16:51:35,890 django.utils.autoreload INFO     Watching for file changes with StatReloader
2023-04-04 16:51:36,633 crud.views   INFO     Load <class 'crud.models.UdsMeta'> page
2023-04-04 16:51:39,146 crud.views   INFO     Load <class 'crud.models.UdsMeta'> page
2023-04-04 16:51:43,083 crud.views   INFO     Load <class 'crud.models.UdsMeta'> page
2023-04-04 16:51:52,476 crud.views   INFO     Load <class 'crud.models.UdsMeta'> page
2023-04-04 16:51:54,186 crud.views   INFO     Load <class 'crud.models.UdsMeta'> page
2023-04-04 16:52:06,817 crud.views   INFO     Load <class 'crud.models.UdsMeta'> page
2023-04-04 16:52:29,203 django.utils.autoreload INFO     E:\Новая папка\Ugib\ugib\crud\views.py changed, reloading.
2023-04-04 16:52:29,811 django.utils.autoreload INFO     Watching for file changes with StatReloader
2023-04-04 16:52:46,660 django.utils.autoreload INFO     E:\Новая папка\Ugib\ugib\crud\views.py changed, reloading.
2023-04-04 16:52:47,250 django.utils.autoreload INFO     Watching for file changes with StatReloader
2023-04-04 16:53:08,432 django.utils.autoreload INFO     E:\Новая папка\Ugib\ugib\crud\views.py changed, reloading.
2023-04-04 16:53:09,018 django.utils.autoreload INFO     Watching for file changes with StatReloader
2023-04-04 16:53:14,038 django.utils.autoreload INFO     E:\Новая папка\Ugib\ugib\crud\views.py changed, reloading.
2023-04-04 16:53:14,607 django.utils.autoreload INFO     Watching for file changes with StatReloader
2023-04-04 16:53:27,055 django.utils.autoreload INFO     E:\Новая папка\Ugib\ugib\crud\views.py changed, reloading.
2023-04-04 16:53:27,618 django.utils.autoreload INFO     Watching for file changes with StatReloader
2023-04-04 16:53:31,605 django.utils.autoreload INFO     E:\Новая папка\Ugib\ugib\crud\views.py changed, reloading.
2023-04-04 16:53:32,172 django.utils.autoreload INFO     Watching for file changes with StatReloader
2023-04-04 16:53:51,135 django.utils.autoreload INFO     E:\Новая папка\Ugib\ugib\crud\views.py changed, reloading.
2023-04-04 16:53:51,716 django.utils.autoreload INFO     Watching for file changes with StatReloader
2023-04-04 16:53:56,770 django.utils.autoreload INFO     E:\Новая папка\Ugib\ugib\crud\views.py changed, reloading.
2023-04-04 16:53:57,335 django.utils.autoreload INFO     Watching for file changes with StatReloader
2023-04-04 16:54:10,892 django.utils.autoreload INFO     E:\Новая папка\Ugib\ugib\crud\views.py changed, reloading.
2023-04-04 16:54:11,475 django.utils.autoreload INFO     Watching for file changes with StatReloader
2023-04-04 16:57:41,449 django.utils.autoreload INFO     E:\Новая папка\Ugib\ugib\crud\views.py changed, reloading.
2023-04-04 16:57:42,117 django.utils.autoreload INFO     Watching for file changes with StatReloader
2023-04-04 16:57:53,561 django.utils.autoreload INFO     E:\Новая папка\Ugib\ugib\crud\views.py changed, reloading.
2023-04-04 16:57:54,153 django.utils.autoreload INFO     Watching for file changes with StatReloader
2023-04-04 16:58:30,271 django.utils.autoreload INFO     E:\Новая папка\Ugib\ugib\crud\views.py changed, reloading.
2023-04-04 16:58:30,862 django.utils.autoreload INFO     Watching for file changes with StatReloader
2023-04-04 16:58:39,050 django.utils.autoreload INFO     E:\Новая папка\Ugib\ugib\crud\views.py changed, reloading.
2023-04-04 16:58:39,607 django.utils.autoreload INFO     Watching for file changes with StatReloader
2023-04-04 16:58:58,558 django.utils.autoreload INFO     E:\Новая папка\Ugib\ugib\crud\views.py changed, reloading.
2023-04-04 16:58:59,129 django.utils.autoreload INFO     Watching for file changes with StatReloader
2023-04-04 16:59:18,322 crud.views   INFO     Load <class 'crud.models.UdsMeta'> page
2023-04-04 16:59:20,401 crud.views   INFO     Load <class 'crud.models.UdsMeta'> page
2023-04-04 16:59:21,686 django.request WARNING  Not Found: /favicon.ico
2023-04-04 16:59:25,589 crud.views   INFO     Load <class 'crud.models.UdsMeta'> page
2023-04-04 16:59:29,481 crud.views   INFO     Load <class 'crud.models.UdsMeta'> page
2023-04-04 16:59:37,018 crud.views   INFO     Load <class 'crud.models.UdsMeta'> page
2023-04-04 16:59:41,326 crud.views   INFO     Load <class 'crud.models.UdsMeta'> page
2023-04-04 17:00:03,008 django.utils.autoreload INFO     E:\Новая папка\Ugib\ugib\crud\views.py changed, reloading.
2023-04-04 17:00:03,643 django.utils.autoreload INFO     Watching for file changes with StatReloader
2023-04-04 17:00:04,261 crud.views   INFO     Load <class 'crud.models.UdsMeta'> page
2023-04-04 17:00:05,361 crud.views   INFO     Load <class 'crud.models.UdsMeta'> page
2023-04-04 17:00:06,508 django.request WARNING  Not Found: /favicon.ico
2023-04-04 17:00:09,130 crud.views   INFO     Load <class 'crud.models.UdsMeta'> page
2023-04-04 17:00:14,071 crud.views   INFO     Load <class 'crud.models.UdsMeta'> page
2023-04-04 17:00:26,705 crud.views   INFO     Load <class 'crud.models.UdsMeta'> page
2023-04-04 17:00:31,599 django.utils.autoreload INFO     E:\Новая папка\Ugib\ugib\crud\views.py changed, reloading.
2023-04-04 17:00:32,192 django.utils.autoreload INFO     Watching for file changes with StatReloader
2023-04-04 17:00:37,157 django.utils.autoreload INFO     E:\Новая папка\Ugib\ugib\crud\views.py changed, reloading.
2023-04-04 17:00:37,728 django.utils.autoreload INFO     Watching for file changes with StatReloader
2023-04-04 17:00:38,450 crud.views   INFO     Load <class 'crud.models.UdsMeta'> page
2023-04-04 17:00:39,124 crud.views   INFO     Load <class 'crud.models.UdsMeta'> page
2023-04-04 17:00:39,506 django.request WARNING  Not Found: /favicon.ico
2023-04-04 17:00:40,341 django.request WARNING  Not Found: /favicon.ico
2023-04-04 17:00:42,377 crud.views   INFO     Load <class 'crud.models.UdsMeta'> page
2023-04-04 17:00:45,557 crud.views   INFO     Load <class 'crud.models.UdsMeta'> page
2023-04-04 17:01:01,154 django.utils.autoreload INFO     E:\Новая папка\Ugib\ugib\crud\views.py changed, reloading.
2023-04-04 17:01:01,823 django.utils.autoreload INFO     Watching for file changes with StatReloader
2023-04-04 17:01:02,889 crud.views   INFO     Load <class 'crud.models.UdsMeta'> page
2023-04-04 17:01:04,360 crud.views   INFO     Load <class 'crud.models.UdsMeta'> page
2023-04-04 17:01:07,176 crud.views   INFO     Load <class 'crud.models.UdsMeta'> page
2023-04-04 17:29:29,983 django.utils.autoreload INFO     E:\Новая папка\Ugib\ugib\crud\views.py changed, reloading.
2023-04-04 17:29:30,618 django.utils.autoreload INFO     Watching for file changes with StatReloader
2023-04-06 09:09:56,505 django.utils.autoreload INFO     Watching for file changes with StatReloader
2023-04-06 09:44:06,965 django.utils.autoreload INFO     Watching for file changes with StatReloader
2023-04-06 09:44:08,697 crud.views   INFO     Load <class 'crud.models.UdsMeta'> page
2023-04-06 09:44:10,155 django.request WARNING  Not Found: /favicon.ico
2023-04-06 09:44:12,092 crud.views   INFO     Load <class 'grr.models.UdsMetaGrrAccom'> page
2023-04-06 09:44:16,603 django.request ERROR    Internal Server Error: /grr-accom/
Traceback (most recent call last):
  File "E:\Новая папка\env\lib\site-packages\django\utils\datastructures.py", line 84, in __getitem__
    list_ = super().__getitem__(key)
KeyError: 'current_page'

During handling of the above exception, another exception occurred:

Traceback (most recent call last):
  File "E:\Новая папка\env\lib\site-packages\django\core\handlers\exception.py", line 55, in inner
    response = get_response(request)
  File "E:\Новая папка\env\lib\site-packages\django\core\handlers\base.py", line 197, in _get_response
    response = wrapped_callback(request, *callback_args, **callback_kwargs)
  File "E:\Новая папка\env\lib\site-packages\django\views\generic\base.py", line 103, in view
    return self.dispatch(request, *args, **kwargs)
  File "E:\Новая папка\env\lib\site-packages\django\views\generic\base.py", line 142, in dispatch
    return handler(request, *args, **kwargs)
  File "E:\Новая папка\Ugib\ugib\crud\views.py", line 353, in post
    cur_page_link = request.POST["current_page"]
  File "E:\Новая папка\env\lib\site-packages\django\utils\datastructures.py", line 86, in __getitem__
    raise MultiValueDictKeyError(key)
django.utils.datastructures.MultiValueDictKeyError: 'current_page'
2023-04-06 09:52:52,604 crud.views   INFO     Load <class 'grr.models.UdsMetaGrrAccom'> page
2023-04-06 09:52:53,764 django.request WARNING  Not Found: /favicon.ico
2023-04-06 09:52:53,879 crud.views   INFO     Load <class 'grr.models.UdsMetaGrrAccom'> page
2023-04-06 09:52:54,764 django.request WARNING  Not Found: /favicon.ico
2023-04-06 09:52:56,114 django.request ERROR    Internal Server Error: /grr-accom/
Traceback (most recent call last):
  File "E:\Новая папка\env\lib\site-packages\django\db\backends\utils.py", line 89, in _execute
    return self.cursor.execute(sql, params)
psycopg2.errors.ForeignKeyViolation: ОШИБКА:  UPDATE или DELETE в таблице "uds_meta_grr_accom" нарушает ограничение внешнего ключа "uds_meta_grr_accom_geom_uniq_id_fkey" таблицы "uds_meta_grr_accom_geom"
DETAIL:  На ключ (uniq_id)=(g14s01y2021m08d22n14e) всё ещё есть ссылки в таблице "uds_meta_grr_accom_geom".


The above exception was the direct cause of the following exception:

Traceback (most recent call last):
  File "E:\Новая папка\env\lib\site-packages\django\core\handlers\exception.py", line 55, in inner
    response = get_response(request)
  File "E:\Новая папка\env\lib\site-packages\django\core\handlers\base.py", line 197, in _get_response
    response = wrapped_callback(request, *callback_args, **callback_kwargs)
  File "E:\Новая папка\env\lib\site-packages\django\views\generic\base.py", line 103, in view
    return self.dispatch(request, *args, **kwargs)
  File "E:\Новая папка\env\lib\site-packages\django\views\generic\base.py", line 142, in dispatch
    return handler(request, *args, **kwargs)
  File "E:\Новая папка\Ugib\ugib\crud\views.py", line 361, in post
    udsMetaObj.delete()
  File "E:\Новая папка\env\lib\site-packages\django\db\models\base.py", line 1118, in delete
    return collector.delete()
  File "E:\Новая папка\env\lib\site-packages\django\db\models\deletion.py", line 448, in delete
    count = sql.DeleteQuery(model).delete_batch(
  File "E:\Новая папка\env\lib\site-packages\django\db\models\sql\subqueries.py", line 42, in delete_batch
    num_deleted += self.do_query(
  File "E:\Новая папка\env\lib\site-packages\django\db\models\sql\subqueries.py", line 20, in do_query
    cursor = self.get_compiler(using).execute_sql(CURSOR)
  File "E:\Новая папка\env\lib\site-packages\django\db\models\sql\compiler.py", line 1398, in execute_sql
    cursor.execute(sql, params)
  File "E:\Новая папка\env\lib\site-packages\debug_toolbar\panels\sql\tracking.py", line 230, in execute
    return self._record(self.cursor.execute, sql, params)
  File "E:\Новая папка\env\lib\site-packages\debug_toolbar\panels\sql\tracking.py", line 154, in _record
    return method(sql, params)
  File "E:\Новая папка\env\lib\site-packages\django\db\backends\utils.py", line 103, in execute
    return super().execute(sql, params)
  File "E:\Новая папка\env\lib\site-packages\django\db\backends\utils.py", line 67, in execute
    return self._execute_with_wrappers(
  File "E:\Новая папка\env\lib\site-packages\django\db\backends\utils.py", line 80, in _execute_with_wrappers
    return executor(sql, params, many, context)
  File "E:\Новая папка\env\lib\site-packages\django\db\backends\utils.py", line 84, in _execute
    with self.db.wrap_database_errors:
  File "E:\Новая папка\env\lib\site-packages\django\db\utils.py", line 91, in __exit__
    raise dj_exc_value.with_traceback(traceback) from exc_value
  File "E:\Новая папка\env\lib\site-packages\django\db\backends\utils.py", line 89, in _execute
    return self.cursor.execute(sql, params)
django.db.utils.IntegrityError: ОШИБКА:  UPDATE или DELETE в таблице "uds_meta_grr_accom" нарушает ограничение внешнего ключа "uds_meta_grr_accom_geom_uniq_id_fkey" таблицы "uds_meta_grr_accom_geom"
DETAIL:  На ключ (uniq_id)=(g14s01y2021m08d22n14e) всё ещё есть ссылки в таблице "uds_meta_grr_accom_geom".

2023-04-06 09:53:24,339 crud.views   INFO     Load <class 'crud.models.UdsMeta'> page
2023-04-06 09:53:26,108 crud.views   INFO     Load <class 'crud.models.UdsMeta'> page
2023-04-06 09:53:29,383 crud.views   INFO     Load <class 'crud.models.UdsMetaApr'> page
2023-04-06 09:53:31,300 crud.views   INFO     Load <class 'crud.models.UdsMetaApr'> page
2023-04-06 09:53:33,005 crud.views   INFO     Load <class 'grr.models.UdsMetaGrrStage'> page
2023-04-06 09:53:34,535 django.request ERROR    Internal Server Error: /grr-stage/
Traceback (most recent call last):
  File "E:\Новая папка\env\lib\site-packages\django\utils\datastructures.py", line 84, in __getitem__
    list_ = super().__getitem__(key)
KeyError: 'current_page'

During handling of the above exception, another exception occurred:

Traceback (most recent call last):
  File "E:\Новая папка\env\lib\site-packages\django\core\handlers\exception.py", line 55, in inner
    response = get_response(request)
  File "E:\Новая папка\env\lib\site-packages\django\core\handlers\base.py", line 197, in _get_response
    response = wrapped_callback(request, *callback_args, **callback_kwargs)
  File "E:\Новая папка\env\lib\site-packages\django\views\generic\base.py", line 103, in view
    return self.dispatch(request, *args, **kwargs)
  File "E:\Новая папка\env\lib\site-packages\django\views\generic\base.py", line 142, in dispatch
    return handler(request, *args, **kwargs)
  File "E:\Новая папка\Ugib\ugib\crud\views.py", line 353, in post
    cur_page_link = request.POST["current_page"]
  File "E:\Новая папка\env\lib\site-packages\django\utils\datastructures.py", line 86, in __getitem__
    raise MultiValueDictKeyError(key)
django.utils.datastructures.MultiValueDictKeyError: 'current_page'
2023-04-06 09:55:18,157 crud.views   INFO     Load <class 'grr.models.UdsMetaGrrStage'> page
2023-04-06 09:55:19,248 django.request WARNING  Not Found: /favicon.ico
2023-04-06 09:55:20,714 django.request ERROR    Internal Server Error: /grr-stage/
Traceback (most recent call last):
  File "E:\Новая папка\env\lib\site-packages\django\db\backends\utils.py", line 89, in _execute
    return self.cursor.execute(sql, params)
psycopg2.errors.ForeignKeyViolation: ОШИБКА:  UPDATE или DELETE в таблице "uds_meta_grr_stage" нарушает ограничение внешнего ключа "uds_meta_grr_stage_geom_uniq_id_fkey" таблицы "uds_meta_grr_stage_geom"
DETAIL:  На ключ (uniq_id)=(g14s01y2022m3d1n49e) всё ещё есть ссылки в таблице "uds_meta_grr_stage_geom".


The above exception was the direct cause of the following exception:

Traceback (most recent call last):
  File "E:\Новая папка\env\lib\site-packages\django\core\handlers\exception.py", line 55, in inner
    response = get_response(request)
  File "E:\Новая папка\env\lib\site-packages\django\core\handlers\base.py", line 197, in _get_response
    response = wrapped_callback(request, *callback_args, **callback_kwargs)
  File "E:\Новая папка\env\lib\site-packages\django\views\generic\base.py", line 103, in view
    return self.dispatch(request, *args, **kwargs)
  File "E:\Новая папка\env\lib\site-packages\django\views\generic\base.py", line 142, in dispatch
    return handler(request, *args, **kwargs)
  File "E:\Новая папка\Ugib\ugib\crud\views.py", line 361, in post
    udsMetaObj.delete()
  File "E:\Новая папка\env\lib\site-packages\django\db\models\base.py", line 1118, in delete
    return collector.delete()
  File "E:\Новая папка\env\lib\site-packages\django\db\models\deletion.py", line 448, in delete
    count = sql.DeleteQuery(model).delete_batch(
  File "E:\Новая папка\env\lib\site-packages\django\db\models\sql\subqueries.py", line 42, in delete_batch
    num_deleted += self.do_query(
  File "E:\Новая папка\env\lib\site-packages\django\db\models\sql\subqueries.py", line 20, in do_query
    cursor = self.get_compiler(using).execute_sql(CURSOR)
  File "E:\Новая папка\env\lib\site-packages\django\db\models\sql\compiler.py", line 1398, in execute_sql
    cursor.execute(sql, params)
  File "E:\Новая папка\env\lib\site-packages\debug_toolbar\panels\sql\tracking.py", line 230, in execute
    return self._record(self.cursor.execute, sql, params)
  File "E:\Новая папка\env\lib\site-packages\debug_toolbar\panels\sql\tracking.py", line 154, in _record
    return method(sql, params)
  File "E:\Новая папка\env\lib\site-packages\django\db\backends\utils.py", line 103, in execute
    return super().execute(sql, params)
  File "E:\Новая папка\env\lib\site-packages\django\db\backends\utils.py", line 67, in execute
    return self._execute_with_wrappers(
  File "E:\Новая папка\env\lib\site-packages\django\db\backends\utils.py", line 80, in _execute_with_wrappers
    return executor(sql, params, many, context)
  File "E:\Новая папка\env\lib\site-packages\django\db\backends\utils.py", line 84, in _execute
    with self.db.wrap_database_errors:
  File "E:\Новая папка\env\lib\site-packages\django\db\utils.py", line 91, in __exit__
    raise dj_exc_value.with_traceback(traceback) from exc_value
  File "E:\Новая папка\env\lib\site-packages\django\db\backends\utils.py", line 89, in _execute
    return self.cursor.execute(sql, params)
django.db.utils.IntegrityError: ОШИБКА:  UPDATE или DELETE в таблице "uds_meta_grr_stage" нарушает ограничение внешнего ключа "uds_meta_grr_stage_geom_uniq_id_fkey" таблицы "uds_meta_grr_stage_geom"
DETAIL:  На ключ (uniq_id)=(g14s01y2022m3d1n49e) всё ещё есть ссылки в таблице "uds_meta_grr_stage_geom".

2023-04-06 10:07:10,016 django.utils.autoreload INFO     Watching for file changes with StatReloader
2023-04-06 10:07:12,550 crud.views   INFO     Load <class 'crud.models.UdsMeta'> page
2023-04-06 10:07:15,645 crud.views   INFO     Load <class 'crud.models.UdsMetaApr'> page
2023-04-06 10:07:16,627 crud.views   INFO     Load <class 'crud.models.UdsMeta'> page
2023-04-06 10:10:05,425 django.utils.autoreload INFO     E:\Новая папка\Ugib\ugib\crud\views.py changed, reloading.
2023-04-06 10:10:06,133 django.utils.autoreload INFO     Watching for file changes with StatReloader
2023-04-06 10:10:35,753 django.utils.autoreload INFO     E:\Новая папка\Ugib\ugib\crud\views.py changed, reloading.
2023-04-06 10:10:36,360 django.utils.autoreload INFO     Watching for file changes with StatReloader
2023-04-06 10:10:53,439 django.utils.autoreload INFO     E:\Новая папка\Ugib\ugib\crud\views.py changed, reloading.
2023-04-06 10:10:54,035 django.utils.autoreload INFO     Watching for file changes with StatReloader
2023-04-06 10:11:02,300 django.utils.autoreload INFO     E:\Новая папка\Ugib\ugib\crud\views.py changed, reloading.
2023-04-06 10:11:02,847 django.utils.autoreload INFO     Watching for file changes with StatReloader
2023-04-06 10:11:14,337 django.utils.autoreload INFO     E:\Новая папка\Ugib\ugib\crud\views.py changed, reloading.
2023-04-06 10:11:14,925 django.utils.autoreload INFO     Watching for file changes with StatReloader
2023-04-06 10:11:40,439 django.utils.autoreload INFO     E:\Новая папка\Ugib\ugib\crud\views.py changed, reloading.
2023-04-06 10:11:41,013 django.utils.autoreload INFO     Watching for file changes with StatReloader
2023-04-06 10:12:40,774 django.utils.autoreload INFO     E:\Новая папка\Ugib\ugib\crud\views.py changed, reloading.
2023-04-06 10:12:41,386 django.utils.autoreload INFO     Watching for file changes with StatReloader
2023-04-06 10:13:10,041 django.utils.autoreload INFO     E:\Новая папка\Ugib\ugib\crud\views.py changed, reloading.
2023-04-06 10:13:10,616 django.utils.autoreload INFO     Watching for file changes with StatReloader
2023-04-06 10:13:25,823 django.utils.autoreload INFO     E:\Новая папка\Ugib\ugib\crud\views.py changed, reloading.
2023-04-06 10:13:26,357 django.utils.autoreload INFO     Watching for file changes with StatReloader
2023-04-06 10:14:04,862 django.utils.autoreload INFO     E:\Новая папка\Ugib\ugib\crud\views.py changed, reloading.
2023-04-06 10:14:05,386 django.utils.autoreload INFO     Watching for file changes with StatReloader
2023-04-06 10:14:26,598 django.utils.autoreload INFO     E:\Новая папка\Ugib\ugib\crud\views.py changed, reloading.
2023-04-06 10:14:27,185 django.utils.autoreload INFO     Watching for file changes with StatReloader
2023-04-06 10:14:40,123 django.utils.autoreload INFO     E:\Новая папка\Ugib\ugib\crud\views.py changed, reloading.
2023-04-06 10:14:40,656 django.utils.autoreload INFO     Watching for file changes with StatReloader
2023-04-06 10:14:49,967 django.utils.autoreload INFO     E:\Новая папка\Ugib\ugib\crud\views.py changed, reloading.
2023-04-06 10:14:50,536 django.utils.autoreload INFO     Watching for file changes with StatReloader
2023-04-06 10:15:03,520 django.utils.autoreload INFO     E:\Новая папка\Ugib\ugib\crud\views.py changed, reloading.
2023-04-06 10:15:04,083 django.utils.autoreload INFO     Watching for file changes with StatReloader
2023-04-06 10:15:11,693 django.utils.autoreload INFO     E:\Новая папка\Ugib\ugib\crud\views.py changed, reloading.
2023-04-06 10:15:12,226 django.utils.autoreload INFO     Watching for file changes with StatReloader
2023-04-06 10:15:22,162 crud.views   INFO     Load <class 'crud.models.UdsMeta'> page
2023-04-06 10:15:27,972 crud.views   INFO     Load <class 'crud.models.UdsMeta'> page
2023-04-06 10:15:30,269 crud.views   INFO     Load <class 'grr.models.UdsMetaGrrAccom'> page
2023-04-06 10:15:34,648 crud.views   INFO     Load <class 'grr.models.UdsMetaGrrStage'> page
2023-04-06 10:15:36,383 django.request ERROR    Internal Server Error: /grr-stage/
Traceback (most recent call last):
  File "E:\Новая папка\env\lib\site-packages\django\db\backends\utils.py", line 89, in _execute
    return self.cursor.execute(sql, params)
psycopg2.errors.SyntaxError: ОШИБКА:  ошибка синтаксиса (примерное положение: "-")
LINE 1: DELETE FROM uds_meta_grr-stage_geom WHERE uniq_id = 'g14s01y...
                                ^


The above exception was the direct cause of the following exception:

Traceback (most recent call last):
  File "E:\Новая папка\env\lib\site-packages\django\core\handlers\exception.py", line 55, in inner
    response = get_response(request)
  File "E:\Новая папка\env\lib\site-packages\django\core\handlers\base.py", line 197, in _get_response
    response = wrapped_callback(request, *callback_args, **callback_kwargs)
  File "E:\Новая папка\env\lib\site-packages\django\views\generic\base.py", line 103, in view
    return self.dispatch(request, *args, **kwargs)
  File "E:\Новая папка\env\lib\site-packages\django\views\generic\base.py", line 142, in dispatch
    return handler(request, *args, **kwargs)
  File "E:\Новая папка\Ugib\ugib\crud\views.py", line 363, in post
    cursor.execute(f'DELETE FROM uds_meta_{choise}_geom WHERE uniq_id = %s',[udsMetaObj.uniq_id])
  File "E:\Новая папка\env\lib\site-packages\debug_toolbar\panels\sql\tracking.py", line 230, in execute
    return self._record(self.cursor.execute, sql, params)
  File "E:\Новая папка\env\lib\site-packages\debug_toolbar\panels\sql\tracking.py", line 154, in _record
    return method(sql, params)
  File "E:\Новая папка\env\lib\site-packages\django\db\backends\utils.py", line 103, in execute
    return super().execute(sql, params)
  File "E:\Новая папка\env\lib\site-packages\django\db\backends\utils.py", line 67, in execute
    return self._execute_with_wrappers(
  File "E:\Новая папка\env\lib\site-packages\django\db\backends\utils.py", line 80, in _execute_with_wrappers
    return executor(sql, params, many, context)
  File "E:\Новая папка\env\lib\site-packages\django\db\backends\utils.py", line 84, in _execute
    with self.db.wrap_database_errors:
  File "E:\Новая папка\env\lib\site-packages\django\db\utils.py", line 91, in __exit__
    raise dj_exc_value.with_traceback(traceback) from exc_value
  File "E:\Новая папка\env\lib\site-packages\django\db\backends\utils.py", line 89, in _execute
    return self.cursor.execute(sql, params)
django.db.utils.ProgrammingError: ОШИБКА:  ошибка синтаксиса (примерное положение: "-")
LINE 1: DELETE FROM uds_meta_grr-stage_geom WHERE uniq_id = 'g14s01y...
                                ^

2023-04-06 10:15:57,713 django.utils.autoreload INFO     E:\Новая папка\Ugib\ugib\crud\views.py changed, reloading.
2023-04-06 10:15:58,452 django.utils.autoreload INFO     Watching for file changes with StatReloader
2023-04-06 10:16:43,129 django.utils.autoreload INFO     E:\Новая папка\Ugib\ugib\crud\views.py changed, reloading.
2023-04-06 10:16:44,322 django.utils.autoreload INFO     Watching for file changes with StatReloader
2023-04-06 10:16:46,621 crud.views   INFO     Load <class 'grr.models.UdsMetaGrrStage'> page
2023-04-06 10:16:49,830 crud.views   INFO     Load <class 'grr.models.UdsMetaGrrStage'> page
2023-04-06 10:16:55,851 crud.views   INFO     Load <class 'grr.models.UdsMetaGrrStage'> page
2023-04-06 10:16:58,461 crud.views   INFO     Load <class 'grr.models.UdsMetaGrrAccom'> page
2023-04-06 10:17:00,423 crud.views   INFO     Load <class 'grr.models.UdsMetaGrrAccom'> page
2023-04-06 10:17:14,663 crud.views   INFO     Load <class 'grr.models.UdsMetaGrrAccom'> page
2023-04-06 10:17:21,070 django.request ERROR    Internal Server Error: /grr-accom/
Traceback (most recent call last):
  File "E:\Новая папка\env\lib\site-packages\django\utils\datastructures.py", line 84, in __getitem__
    list_ = super().__getitem__(key)
KeyError: 'current_page'

During handling of the above exception, another exception occurred:

Traceback (most recent call last):
  File "E:\Новая папка\env\lib\site-packages\django\core\handlers\exception.py", line 55, in inner
    response = get_response(request)
  File "E:\Новая папка\env\lib\site-packages\django\core\handlers\base.py", line 197, in _get_response
    response = wrapped_callback(request, *callback_args, **callback_kwargs)
  File "E:\Новая папка\env\lib\site-packages\django\views\generic\base.py", line 103, in view
    return self.dispatch(request, *args, **kwargs)
  File "E:\Новая папка\env\lib\site-packages\django\views\generic\base.py", line 142, in dispatch
    return handler(request, *args, **kwargs)
  File "E:\Новая папка\Ugib\ugib\crud\views.py", line 529, in post
    cur_page_link = request.POST["current_page"]
  File "E:\Новая папка\env\lib\site-packages\django\utils\datastructures.py", line 86, in __getitem__
    raise MultiValueDictKeyError(key)
django.utils.datastructures.MultiValueDictKeyError: 'current_page'
2023-04-06 10:18:06,604 crud.views   INFO     Load <class 'grr.models.UdsMetaGrrAccom'> page
2023-04-06 10:18:10,660 crud.views   INFO     Load <class 'grr.models.UdsMetaGrrAccom'> page
2023-04-06 10:18:12,689 django.request WARNING  Not Found: /favicon.ico
2023-04-06 10:18:15,069 crud.views   INFO     Load <class 'grr.models.UdsMetaGrrAccom'> page
2023-04-06 10:18:19,052 crud.views   INFO     Load <class 'grr.models.UdsMetaGrrAccom'> page
2023-04-06 10:18:21,764 crud.views   INFO     Load <class 'grr.models.UdsMetaGrrStage'> page
2023-04-06 10:18:47,835 crud.views   INFO     Load <class 'grr.models.UdsMetaGrrStage'> page
2023-04-06 10:18:48,483 crud.views   INFO     Load <class 'grr.models.UdsMetaGrrStage'> page
2023-04-06 10:18:49,663 django.request WARNING  Not Found: /favicon.ico
2023-04-06 10:18:53,213 crud.views   INFO     Load <class 'grr.models.UdsMetaGrrStage'> page
2023-04-06 10:18:56,457 crud.views   INFO     Load <class 'grr.models.UdsMetaGrrStage'> page
2023-04-06 10:28:34,201 django.utils.autoreload INFO     E:\Новая папка\Ugib\ugib\crud\views.py changed, reloading.
2023-04-06 10:28:35,026 django.utils.autoreload INFO     Watching for file changes with StatReloader
2023-04-06 10:29:03,941 django.utils.autoreload INFO     E:\Новая папка\Ugib\ugib\crud\views.py changed, reloading.
2023-04-06 10:29:04,474 django.utils.autoreload INFO     Watching for file changes with StatReloader
2023-04-06 10:29:43,707 django.utils.autoreload INFO     E:\Новая папка\Ugib\ugib\crud\views.py changed, reloading.
2023-04-06 10:29:44,248 django.utils.autoreload INFO     Watching for file changes with StatReloader
2023-04-06 10:30:13,153 django.utils.autoreload INFO     E:\Новая папка\Ugib\ugib\crud\views.py changed, reloading.
2023-04-06 10:30:13,673 django.utils.autoreload INFO     Watching for file changes with StatReloader
2023-04-06 10:30:27,756 django.utils.autoreload INFO     E:\Новая папка\Ugib\ugib\crud\views.py changed, reloading.
2023-04-06 10:30:28,333 django.utils.autoreload INFO     Watching for file changes with StatReloader
2023-04-06 10:30:34,856 django.utils.autoreload INFO     E:\Новая папка\Ugib\ugib\crud\views.py changed, reloading.
2023-04-06 10:30:35,389 django.utils.autoreload INFO     Watching for file changes with StatReloader
2023-04-06 10:30:55,673 django.utils.autoreload INFO     E:\Новая папка\Ugib\ugib\crud\views.py changed, reloading.
2023-04-06 10:30:56,205 django.utils.autoreload INFO     Watching for file changes with StatReloader
2023-04-06 10:31:13,353 django.utils.autoreload INFO     E:\Новая папка\Ugib\ugib\crud\views.py changed, reloading.
2023-04-06 10:31:13,913 django.utils.autoreload INFO     Watching for file changes with StatReloader
2023-04-06 10:31:36,405 django.utils.autoreload INFO     E:\Новая папка\Ugib\ugib\crud\views.py changed, reloading.
2023-04-06 10:31:36,970 django.utils.autoreload INFO     Watching for file changes with StatReloader
2023-04-06 10:31:42,438 django.utils.autoreload INFO     E:\Новая папка\Ugib\ugib\crud\views.py changed, reloading.
2023-04-06 10:31:43,059 django.utils.autoreload INFO     Watching for file changes with StatReloader
2023-04-06 10:32:46,683 django.utils.autoreload INFO     E:\Новая папка\Ugib\ugib\crud\views.py changed, reloading.
2023-04-06 10:32:47,227 django.utils.autoreload INFO     Watching for file changes with StatReloader
2023-04-06 10:32:47,868 crud.views   INFO     Load <class 'crud.models.UdsMeta'> page
2023-04-06 10:34:07,694 django.utils.autoreload INFO     E:\Новая папка\Ugib\ugib\crud\views.py changed, reloading.
2023-04-06 10:34:08,294 django.utils.autoreload INFO     Watching for file changes with StatReloader
2023-04-06 10:34:21,224 django.utils.autoreload INFO     E:\Новая папка\Ugib\ugib\crud\views.py changed, reloading.
2023-04-06 10:34:21,779 django.utils.autoreload INFO     Watching for file changes with StatReloader
2023-04-06 10:34:24,693 django.utils.autoreload INFO     E:\Новая папка\Ugib\ugib\crud\views.py changed, reloading.
2023-04-06 10:34:25,275 django.utils.autoreload INFO     Watching for file changes with StatReloader
2023-04-06 10:42:37,920 django.utils.autoreload INFO     E:\Новая папка\Ugib\ugib\crud\views.py changed, reloading.
2023-04-06 10:42:38,484 django.utils.autoreload INFO     Watching for file changes with StatReloader
2023-04-06 10:43:18,908 django.utils.autoreload INFO     E:\Новая папка\Ugib\ugib\crud\views.py changed, reloading.
2023-04-06 10:43:19,487 django.utils.autoreload INFO     Watching for file changes with StatReloader
2023-04-06 10:59:56,671 django.utils.autoreload INFO     E:\Новая папка\Ugib\ugib\crud\urls.py changed, reloading.
2023-04-06 10:59:57,404 django.utils.autoreload INFO     Watching for file changes with StatReloader
2023-04-06 11:10:46,437 django.utils.autoreload INFO     E:\Новая папка\Ugib\ugib\crud\urls.py changed, reloading.
2023-04-06 11:10:47,105 django.utils.autoreload INFO     Watching for file changes with StatReloader
2023-04-06 11:10:57,448 django.utils.autoreload INFO     E:\Новая папка\Ugib\ugib\crud\urls.py changed, reloading.
2023-04-06 11:10:58,018 django.utils.autoreload INFO     Watching for file changes with StatReloader
2023-04-06 11:11:49,330 crud.views   INFO     Load <class 'crud.models.UdsMeta'> page
2023-04-06 11:11:50,627 django.request WARNING  Not Found: /favicon.ico
2023-04-06 11:12:00,113 django.request ERROR    Internal Server Error: /create
Traceback (most recent call last):
  File "E:\Новая папка\env\lib\site-packages\django\core\handlers\exception.py", line 55, in inner
    response = get_response(request)
  File "E:\Новая папка\env\lib\site-packages\django\utils\deprecation.py", line 135, in __call__
    response = self.process_request(request)
  File "E:\Новая папка\env\lib\site-packages\django\middleware\common.py", line 54, in process_request
    path = self.get_full_path_with_slash(request)
  File "E:\Новая папка\env\lib\site-packages\django\middleware\common.py", line 88, in get_full_path_with_slash
    raise RuntimeError(
RuntimeError: You called this URL via POST, but the URL doesn't end in a slash and you have APPEND_SLASH set. Django can't redirect to the slash URL while maintaining POST data. Change your form to point to localhost:8000/create/ (note the trailing slash), or set APPEND_SLASH=False in your Django settings.
2023-04-06 11:12:45,651 crud.views   INFO     Load <class 'crud.models.UdsMeta'> page
2023-04-06 11:12:50,560 django.request ERROR    Internal Server Error: /create/
Traceback (most recent call last):
  File "E:\Новая папка\env\lib\site-packages\django\core\handlers\exception.py", line 55, in inner
    response = get_response(request)
  File "E:\Новая папка\env\lib\site-packages\django\core\handlers\base.py", line 204, in _get_response
    self.check_response(response, callback)
  File "E:\Новая папка\env\lib\site-packages\django\core\handlers\base.py", line 332, in check_response
    raise ValueError(
ValueError: The view crud.views.crate_post didn't return an HttpResponse object. It returned None instead.
2023-04-06 11:13:06,508 crud.views   INFO     Load <class 'crud.models.UdsMeta'> page
2023-04-06 11:13:06,801 django.utils.autoreload INFO     E:\Новая папка\Ugib\ugib\crud\views.py changed, reloading.
2023-04-06 11:13:07,412 django.utils.autoreload INFO     Watching for file changes with StatReloader
2023-04-06 11:13:12,042 crud.views   INFO     Load <class 'crud.models.UdsMeta'> page
2023-04-06 11:13:21,808 crud.views   INFO     Load <class 'crud.models.UdsMeta'> page
2023-04-06 11:13:30,509 crud.views   INFO     Load <class 'crud.models.UdsMeta'> page
2023-04-06 11:13:45,658 crud.views   INFO     Load <class 'crud.models.UdsMeta'> page
2023-04-06 12:04:46,297 django.utils.autoreload INFO     E:\Новая папка\Ugib\ugib\crud\views.py changed, reloading.
2023-04-06 12:04:46,978 django.utils.autoreload INFO     Watching for file changes with StatReloader
2023-04-06 17:34:29,380 crud.views   INFO     Load <class 'crud.models.UdsMeta'> page
2023-04-06 17:34:30,688 django.request WARNING  Not Found: /favicon.ico
2023-04-07 09:31:11,098 django.utils.autoreload INFO     Watching for file changes with StatReloader
2023-04-07 09:34:24,944 crud.views   INFO     Load <class 'crud.models.UdsMeta'> page
2023-04-07 09:34:26,268 django.request WARNING  Not Found: /favicon.ico
2023-04-07 10:34:03,519 django.request WARNING  Not Found: /epz/static/img/icons/icon_key.svg
2023-04-07 10:34:03,526 django.request WARNING  Not Found: /epz/static/img/icons/icon_centralized.svg
2023-04-07 10:34:03,530 django.request WARNING  Not Found: /epz/static/img/icons/icon_print_small.svg
2023-04-07 10:34:03,582 django.request WARNING  Not Found: /favicon.ico
2023-04-07 10:36:40,134 crud.views   INFO     Load <class 'grr.models.UdsMetaGrrStage'> page
2023-04-07 10:36:41,620 django.request WARNING  Not Found: /favicon.ico
2023-04-07 11:13:15,091 crud.views   INFO     Load <class 'crud.models.UdsMeta'> page
2023-04-07 11:13:17,758 crud.views   INFO     Load <class 'crud.models.UdsMeta'> page
2023-04-07 11:20:39,657 crud.views   INFO     Load <class 'crud.models.UdsMeta'> page
2023-04-07 14:13:07,068 crud.views   INFO     Load <class 'crud.models.UdsMeta'> page
2023-04-07 14:13:08,065 django.request WARNING  Not Found: /favicon.ico
2023-04-07 14:13:19,561 crud.views   INFO     Load <class 'crud.models.UdsMeta'> page
2023-04-07 14:13:26,004 crud.views   INFO     Load <class 'crud.models.UdsMeta'> page
2023-04-07 14:13:39,970 crud.views   INFO     Load <class 'crud.models.UdsMeta'> page
2023-04-07 14:13:43,348 crud.views   INFO     Load <class 'crud.models.UdsMeta'> page
2023-04-07 14:13:46,579 crud.views   INFO     Load <class 'crud.models.UdsMeta'> page
2023-04-07 14:13:53,267 crud.views   INFO     Load <class 'crud.models.UdsMeta'> page
2023-04-07 14:13:58,364 crud.views   INFO     Load <class 'crud.models.UdsMeta'> page
2023-04-07 14:15:28,361 crud.views   INFO     Load <class 'crud.models.UdsMeta'> page
2023-04-07 14:23:40,896 crud.views   INFO     Load <class 'crud.models.UdsMeta'> page
2023-04-07 14:23:42,586 django.request WARNING  Not Found: /favicon.ico
2023-04-07 14:24:53,981 crud.views   INFO     Load <class 'crud.models.UdsMeta'> page
2023-04-10 09:24:20,460 django.utils.autoreload INFO     Watching for file changes with StatReloader
2023-04-10 09:39:17,553 crud.views   INFO     Load <class 'crud.models.UdsMeta'> page
2023-04-10 09:39:18,854 django.request WARNING  Not Found: /favicon.ico
2023-04-10 09:56:29,920 django.utils.autoreload INFO     Watching for file changes with StatReloader
2023-04-10 09:56:32,664 crud.views   INFO     Load <class 'crud.models.UdsMeta'> page
2023-04-10 17:05:07,824 django.utils.autoreload INFO     E:\Новая папка\Ugib\ugib\crud\views.py changed, reloading.
2023-04-10 17:05:11,017 django.utils.autoreload INFO     Watching for file changes with StatReloader
2023-04-10 17:05:26,692 django.utils.autoreload INFO     E:\Новая папка\Ugib\ugib\crud\views.py changed, reloading.
2023-04-10 17:05:27,234 django.utils.autoreload INFO     Watching for file changes with StatReloader
2023-04-10 17:05:51,656 django.utils.autoreload INFO     E:\Новая папка\Ugib\ugib\crud\views.py changed, reloading.
2023-04-10 17:05:52,227 django.utils.autoreload INFO     Watching for file changes with StatReloader
2023-04-10 17:06:11,346 django.utils.autoreload INFO     E:\Новая папка\Ugib\ugib\crud\views.py changed, reloading.
2023-04-10 17:06:11,917 django.utils.autoreload INFO     Watching for file changes with StatReloader
2023-04-10 17:06:35,219 django.utils.autoreload INFO     E:\Новая папка\Ugib\ugib\crud\views.py changed, reloading.
2023-04-10 17:06:35,819 django.utils.autoreload INFO     Watching for file changes with StatReloader
2023-04-10 17:06:48,189 crud.views   INFO     Load <class 'crud.models.UdsMeta'> page
2023-04-10 17:06:49,815 django.request WARNING  Not Found: /favicon.ico
2023-04-10 17:06:58,029 crud.views   INFO     Load <class 'crud.models.UdsMeta'> page
2023-04-10 17:07:42,538 django.utils.autoreload INFO     E:\Новая папка\Ugib\ugib\crud\views.py changed, reloading.
2023-04-10 17:07:43,174 django.utils.autoreload INFO     Watching for file changes with StatReloader
2023-04-10 17:07:43,735 crud.views   INFO     Load <class 'crud.models.UdsMeta'> page
2023-04-10 17:07:49,797 crud.views   INFO     Load <class 'crud.models.UdsMeta'> page
2023-04-10 17:07:50,020 django.request ERROR    Internal Server Error: /
Traceback (most recent call last):
  File "E:\Новая папка\env\lib\site-packages\django\core\handlers\exception.py", line 55, in inner
    response = get_response(request)
  File "E:\Новая папка\env\lib\site-packages\django\core\handlers\base.py", line 197, in _get_response
    response = wrapped_callback(request, *callback_args, **callback_kwargs)
  File "E:\Новая папка\env\lib\site-packages\django\views\generic\base.py", line 103, in view
    return self.dispatch(request, *args, **kwargs)
  File "E:\Новая папка\env\lib\site-packages\django\views\generic\base.py", line 142, in dispatch
    return handler(request, *args, **kwargs)
  File "E:\Новая папка\env\lib\site-packages\django_filters\views.py", line 85, in get
    context = self.get_context_data(
  File "E:\Новая папка\Ugib\ugib\crud\views.py", line 647, in get_context_data
    context["uniq_id"] = f"g01s01y{y}m{m}d{d}n{int(count) + 1}e"
UnboundLocalError: local variable 'count' referenced before assignment
2023-04-10 17:07:56,363 django.request ERROR    Internal Server Error: /get_html_uds/
Traceback (most recent call last):
  File "E:\Новая папка\env\lib\site-packages\django\core\handlers\exception.py", line 55, in inner
    response = get_response(request)
  File "E:\Новая папка\env\lib\site-packages\django\core\handlers\base.py", line 197, in _get_response
    response = wrapped_callback(request, *callback_args, **callback_kwargs)
  File "E:\Новая папка\Ugib\ugib\crud\views.py", line 680, in get_html_uds
    context["uniq_id"] = create_uniq_id(choise=choise,current_date = context["current_date"], fond = fond)
  File "E:\Новая папка\Ugib\ugib\crud\views.py", line 729, in create_uniq_id
    count = re.search(r"n[0-9]+", old_uniq ).group(0)[1:]
AttributeError: 'NoneType' object has no attribute 'group'
2023-04-10 17:08:09,078 crud.views   INFO     Load <class 'crud.models.UdsMeta'> page
2023-04-10 17:08:24,984 crud.views   INFO     Load <class 'crud.models.UdsMeta'> page
2023-04-10 17:08:36,447 crud.views   ERROR    When create not valid key
2023-04-10 17:08:36,547 crud.views   INFO     Load <class 'crud.models.UdsMeta'> page
2023-04-10 17:09:04,240 django.utils.autoreload INFO     E:\Новая папка\Ugib\ugib\crud\views.py changed, reloading.
2023-04-10 17:09:04,888 django.utils.autoreload INFO     Watching for file changes with StatReloader
2023-04-10 17:09:13,419 crud.views   ERROR    When create not valid key
2023-04-10 17:09:13,517 crud.views   INFO     Load <class 'crud.models.UdsMeta'> page
2023-04-10 17:09:23,102 crud.views   INFO     Load <class 'crud.models.UdsMeta'> page
2023-04-10 17:09:25,194 crud.views   INFO     Load <class 'crud.models.UdsMeta'> page
2023-04-10 17:09:25,313 django.request ERROR    Internal Server Error: /
Traceback (most recent call last):
  File "E:\Новая папка\env\lib\site-packages\django\core\handlers\exception.py", line 55, in inner
    response = get_response(request)
  File "E:\Новая папка\env\lib\site-packages\django\core\handlers\base.py", line 197, in _get_response
    response = wrapped_callback(request, *callback_args, **callback_kwargs)
  File "E:\Новая папка\env\lib\site-packages\django\views\generic\base.py", line 103, in view
    return self.dispatch(request, *args, **kwargs)
  File "E:\Новая папка\env\lib\site-packages\django\views\generic\base.py", line 142, in dispatch
    return handler(request, *args, **kwargs)
  File "E:\Новая папка\env\lib\site-packages\django_filters\views.py", line 85, in get
    context = self.get_context_data(
  File "E:\Новая папка\Ugib\ugib\crud\views.py", line 648, in get_context_data
    context["uniq_id"] = f"g01s01y{y}m{m}d{d}n{int(count) + 1}e"
UnboundLocalError: local variable 'count' referenced before assignment
2023-04-10 17:09:28,324 crud.views   ERROR    When removed ObjectDoesNotExist
2023-04-10 17:09:28,402 crud.views   INFO     Load <class 'crud.models.UdsMeta'> page
2023-04-10 17:09:28,539 django.request ERROR    Internal Server Error: /
Traceback (most recent call last):
  File "E:\Новая папка\env\lib\site-packages\django\core\handlers\exception.py", line 55, in inner
    response = get_response(request)
  File "E:\Новая папка\env\lib\site-packages\django\core\handlers\base.py", line 197, in _get_response
    response = wrapped_callback(request, *callback_args, **callback_kwargs)
  File "E:\Новая папка\env\lib\site-packages\django\views\generic\base.py", line 103, in view
    return self.dispatch(request, *args, **kwargs)
  File "E:\Новая папка\env\lib\site-packages\django\views\generic\base.py", line 142, in dispatch
    return handler(request, *args, **kwargs)
  File "E:\Новая папка\env\lib\site-packages\django_filters\views.py", line 85, in get
    context = self.get_context_data(
  File "E:\Новая папка\Ugib\ugib\crud\views.py", line 648, in get_context_data
    context["uniq_id"] = f"g01s01y{y}m{m}d{d}n{int(count) + 1}e"
UnboundLocalError: local variable 'count' referenced before assignment
2023-04-10 17:11:09,693 django.request ERROR    Internal Server Error: /get_html_uds/
Traceback (most recent call last):
  File "E:\Новая папка\env\lib\site-packages\django\core\handlers\exception.py", line 55, in inner
    response = get_response(request)
  File "E:\Новая папка\env\lib\site-packages\django\core\handlers\base.py", line 197, in _get_response
    response = wrapped_callback(request, *callback_args, **callback_kwargs)
  File "E:\Новая папка\Ugib\ugib\crud\views.py", line 681, in get_html_uds
    context["uniq_id"] = create_uniq_id(choise=choise,current_date = context["current_date"], fond = fond)
  File "E:\Новая папка\Ugib\ugib\crud\views.py", line 730, in create_uniq_id
    count = re.search(r"n[0-9]+", old_uniq ).group(0)[1:]
AttributeError: 'NoneType' object has no attribute 'group'
2023-04-10 17:11:15,438 crud.views   ERROR    When create not valid key
2023-04-10 17:11:15,542 crud.views   INFO     Load <class 'crud.models.UdsMeta'> page
2023-04-10 17:11:15,680 django.request ERROR    Internal Server Error: /
Traceback (most recent call last):
  File "E:\Новая папка\env\lib\site-packages\django\core\handlers\exception.py", line 55, in inner
    response = get_response(request)
  File "E:\Новая папка\env\lib\site-packages\django\core\handlers\base.py", line 197, in _get_response
    response = wrapped_callback(request, *callback_args, **callback_kwargs)
  File "E:\Новая папка\env\lib\site-packages\django\views\generic\base.py", line 103, in view
    return self.dispatch(request, *args, **kwargs)
  File "E:\Новая папка\env\lib\site-packages\django\views\generic\base.py", line 142, in dispatch
    return handler(request, *args, **kwargs)
  File "E:\Новая папка\env\lib\site-packages\django_filters\views.py", line 85, in get
    context = self.get_context_data(
  File "E:\Новая папка\Ugib\ugib\crud\views.py", line 648, in get_context_data
    context["uniq_id"] = f"g01s01y{y}m{m}d{d}n{int(count) + 1}e"
UnboundLocalError: local variable 'count' referenced before assignment
2023-04-10 17:12:41,120 django.utils.autoreload INFO     E:\Новая папка\Ugib\ugib\crud\views.py changed, reloading.
2023-04-10 17:12:41,882 django.utils.autoreload INFO     Watching for file changes with StatReloader
2023-04-10 17:15:07,754 django.request ERROR    Internal Server Error: /get_html_uds/
Traceback (most recent call last):
  File "E:\Новая папка\env\lib\site-packages\django\core\handlers\exception.py", line 55, in inner
    response = get_response(request)
  File "E:\Новая папка\env\lib\site-packages\django\core\handlers\base.py", line 197, in _get_response
    response = wrapped_callback(request, *callback_args, **callback_kwargs)
  File "E:\Новая папка\Ugib\ugib\crud\views.py", line 681, in get_html_uds
    context["uniq_id"] = create_uniq_id(choise=choise,current_date = context["current_date"], fond = fond)
  File "E:\Новая папка\Ugib\ugib\crud\views.py", line 730, in create_uniq_id
    count = re.search(r"n[0-9]+", old_uniq ).group(0)[1:]
AttributeError: 'NoneType' object has no attribute 'group'
2023-04-10 17:15:12,006 crud.views   ERROR    When create not valid key
2023-04-10 17:15:12,121 crud.views   INFO     Load <class 'crud.models.UdsMeta'> page
2023-04-10 17:15:24,619 django.request ERROR    Internal Server Error: /get_html_uds/
Traceback (most recent call last):
  File "E:\Новая папка\env\lib\site-packages\django\core\handlers\exception.py", line 55, in inner
    response = get_response(request)
  File "E:\Новая папка\env\lib\site-packages\django\core\handlers\base.py", line 197, in _get_response
    response = wrapped_callback(request, *callback_args, **callback_kwargs)
  File "E:\Новая папка\Ugib\ugib\crud\views.py", line 681, in get_html_uds
    context["uniq_id"] = create_uniq_id(choise=choise,current_date = context["current_date"], fond = fond)
  File "E:\Новая папка\Ugib\ugib\crud\views.py", line 730, in create_uniq_id
    count = re.search(r"n[0-9]+", old_uniq ).group(0)[1:]
AttributeError: 'NoneType' object has no attribute 'group'
2023-04-10 17:15:28,584 crud.views   ERROR    When create not valid key
2023-04-10 17:15:28,690 crud.views   INFO     Load <class 'crud.models.UdsMeta'> page
2023-04-10 17:15:36,733 django.request ERROR    Internal Server Error: /get_html_uds/
Traceback (most recent call last):
  File "E:\Новая папка\env\lib\site-packages\django\core\handlers\exception.py", line 55, in inner
    response = get_response(request)
  File "E:\Новая папка\env\lib\site-packages\django\core\handlers\base.py", line 197, in _get_response
    response = wrapped_callback(request, *callback_args, **callback_kwargs)
  File "E:\Новая папка\Ugib\ugib\crud\views.py", line 681, in get_html_uds
    context["uniq_id"] = create_uniq_id(choise=choise,current_date = context["current_date"], fond = fond)
  File "E:\Новая папка\Ugib\ugib\crud\views.py", line 730, in create_uniq_id
    count = re.search(r"n[0-9]+", old_uniq ).group(0)[1:]
AttributeError: 'NoneType' object has no attribute 'group'
2023-04-10 17:15:43,834 crud.views   INFO     Load <class 'crud.models.UdsMeta'> page
2023-04-10 17:16:15,910 crud.views   INFO     Load <class 'crud.models.UdsMeta'> page
2023-04-17 09:54:43,956 django.utils.autoreload INFO     Watching for file changes with StatReloader
2023-04-17 09:55:39,160 django.utils.autoreload INFO     E:\Новая папка\Ugib\ugib\ugib\settings.py changed, reloading.
2023-04-17 09:55:39,739 django.utils.autoreload INFO     Watching for file changes with StatReloader
2023-04-17 09:55:44,777 django.utils.autoreload INFO     E:\Новая папка\Ugib\ugib\ugib\settings.py changed, reloading.
2023-04-17 09:55:45,347 django.utils.autoreload INFO     Watching for file changes with StatReloader
2023-04-17 15:14:21,617 django.utils.autoreload INFO     Watching for file changes with StatReloader
2023-04-17 15:17:16,216 crud.views   INFO     Load <class 'crud.models.UdsMeta'> page
2023-04-17 15:17:18,035 django.request WARNING  Not Found: /favicon.ico
2023-04-17 15:17:47,645 crud.views   INFO     Load <class 'crud.models.UdsMeta'> page
2023-04-17 15:17:49,854 crud.views   INFO     Load <class 'crud.models.UdsMeta'> page
2023-04-17 15:17:51,513 crud.views   INFO     Load <class 'crud.models.UdsMeta'> page
2023-04-17 15:17:52,796 crud.views   INFO     Load <class 'crud.models.UdsMeta'> page
2023-04-17 15:17:54,304 crud.views   INFO     Load <class 'crud.models.UdsMeta'> page
2023-04-17 15:17:55,534 crud.views   INFO     Load <class 'crud.models.UdsMeta'> page
2023-04-17 15:17:56,590 crud.views   INFO     Load <class 'crud.models.UdsMeta'> page
2023-04-17 15:17:57,661 crud.views   INFO     Load <class 'crud.models.UdsMeta'> page
2023-04-17 15:38:53,772 django.utils.autoreload INFO     E:\Новая папка\Ugib\ugib\crud\views.py changed, reloading.
2023-04-17 15:38:54,477 django.utils.autoreload INFO     Watching for file changes with StatReloader
2023-04-17 15:39:44,740 django.utils.autoreload INFO     E:\Новая папка\Ugib\ugib\crud\views.py changed, reloading.
2023-04-17 15:39:45,308 django.utils.autoreload INFO     Watching for file changes with StatReloader
2023-04-17 15:40:26,921 django.utils.autoreload INFO     E:\Новая папка\Ugib\ugib\crud\views.py changed, reloading.
2023-04-17 15:40:27,485 django.utils.autoreload INFO     Watching for file changes with StatReloader
2023-04-17 15:40:29,293 django.utils.autoreload INFO     E:\Новая папка\Ugib\ugib\crud\views.py changed, reloading.
2023-04-17 15:40:29,874 django.utils.autoreload INFO     Watching for file changes with StatReloader
2023-04-17 15:40:41,781 django.utils.autoreload INFO     E:\Новая папка\Ugib\ugib\crud\views.py changed, reloading.
2023-04-17 15:40:42,370 django.utils.autoreload INFO     Watching for file changes with StatReloader
2023-04-17 15:40:44,120 crud.views   INFO     Load <class 'crud.models.UdsMeta'> page
2023-04-17 15:41:01,088 crud.views   INFO     Load <class 'crud.models.UdsMeta'> page
2023-04-17 15:41:02,461 django.request WARNING  Not Found: /favicon.ico
2023-04-17 15:42:25,413 crud.views   INFO     Load <class 'crud.models.UdsMeta'> page
2023-04-17 15:42:26,224 crud.views   INFO     Load <class 'crud.models.UdsMeta'> page
2023-04-17 15:42:26,615 django.request WARNING  Not Found: /favicon.ico
2023-04-17 15:42:27,469 django.request WARNING  Not Found: /favicon.ico
2023-04-17 15:42:32,544 django.request ERROR    Internal Server Error: /test
Traceback (most recent call last):
  File "E:\Новая папка\env\lib\site-packages\django\core\handlers\exception.py", line 55, in inner
    response = get_response(request)
  File "E:\Новая папка\env\lib\site-packages\django\utils\deprecation.py", line 135, in __call__
    response = self.process_request(request)
  File "E:\Новая папка\env\lib\site-packages\django\middleware\common.py", line 54, in process_request
    path = self.get_full_path_with_slash(request)
  File "E:\Новая папка\env\lib\site-packages\django\middleware\common.py", line 88, in get_full_path_with_slash
    raise RuntimeError(
RuntimeError: You called this URL via POST, but the URL doesn't end in a slash and you have APPEND_SLASH set. Django can't redirect to the slash URL while maintaining POST data. Change your form to point to 127.0.0.1:8000/test/ (note the trailing slash), or set APPEND_SLASH=False in your Django settings.
2023-04-17 15:53:31,608 django.utils.autoreload INFO     Watching for file changes with StatReloader
2023-04-17 15:53:33,142 crud.views   INFO     Load <class 'crud.models.UdsMeta'> page
2023-04-17 15:53:34,383 crud.views   INFO     Load <class 'crud.models.UdsMeta'> page
2023-04-17 15:53:35,891 django.request WARNING  Not Found: /favicon.ico
2023-04-17 15:53:45,638 crud.views   INFO     Load <class 'crud.models.UdsMeta'> page
2023-04-17 15:53:49,099 crud.views   INFO     Load <class 'crud.models.UdsMeta'> page
2023-04-17 15:53:50,217 django.request WARNING  Not Found: /favicon.ico
2023-04-17 15:54:12,719 crud.views   INFO     Load <class 'crud.models.UdsMeta'> page
2023-04-17 15:54:13,364 crud.views   INFO     Load <class 'crud.models.UdsMeta'> page
2023-04-17 15:54:13,740 django.request WARNING  Not Found: /favicon.ico
2023-04-17 15:54:14,639 crud.views   INFO     Load <class 'crud.models.UdsMeta'> page
2023-04-17 15:54:15,750 django.request WARNING  Not Found: /favicon.ico
2023-04-17 15:54:39,823 django.utils.autoreload INFO     E:\Новая папка\Ugib\ugib\crud\views.py changed, reloading.
2023-04-17 15:54:40,486 django.utils.autoreload INFO     Watching for file changes with StatReloader
2023-04-17 15:54:57,337 django.utils.autoreload INFO     E:\Новая папка\Ugib\ugib\crud\views.py changed, reloading.
2023-04-17 15:54:57,895 django.utils.autoreload INFO     Watching for file changes with StatReloader
2023-04-17 15:55:56,635 django.utils.autoreload INFO     E:\Новая папка\Ugib\ugib\crud\views.py changed, reloading.
2023-04-17 15:55:57,190 django.utils.autoreload INFO     Watching for file changes with StatReloader
2023-04-17 15:56:19,500 crud.views   INFO     Load <class 'crud.models.UdsMeta'> page
2023-04-17 15:56:20,425 crud.views   INFO     Load <class 'crud.models.UdsMeta'> page
2023-04-17 15:56:20,777 django.request WARNING  Not Found: /favicon.ico
2023-04-17 15:56:48,275 django.utils.autoreload INFO     E:\Новая папка\Ugib\ugib\crud\views.py changed, reloading.
2023-04-17 15:56:48,916 django.utils.autoreload INFO     Watching for file changes with StatReloader
2023-04-17 15:56:49,709 crud.views   INFO     Load <class 'crud.models.UdsMeta'> page
2023-04-17 15:56:50,670 crud.views   INFO     Load <class 'crud.models.UdsMeta'> page
2023-04-17 15:56:51,018 django.request WARNING  Not Found: /favicon.ico
2023-04-17 15:57:54,264 django.utils.autoreload INFO     E:\Новая папка\Ugib\ugib\crud\views.py changed, reloading.
2023-04-17 15:57:54,838 django.utils.autoreload INFO     Watching for file changes with StatReloader
2023-04-17 15:57:57,678 django.utils.autoreload INFO     E:\Новая папка\Ugib\ugib\crud\views.py changed, reloading.
2023-04-17 15:57:58,258 django.utils.autoreload INFO     Watching for file changes with StatReloader
2023-04-17 15:58:01,030 crud.views   INFO     Load <class 'crud.models.UdsMeta'> page
2023-04-17 15:58:02,050 crud.views   INFO     Load <class 'crud.models.UdsMeta'> page
2023-04-17 15:58:02,397 django.request WARNING  Not Found: /favicon.ico
2023-04-17 16:11:25,679 django.utils.autoreload INFO     E:\Новая папка\Ugib\ugib\crud\views.py changed, reloading.
2023-04-17 16:11:26,369 django.utils.autoreload INFO     Watching for file changes with StatReloader
2023-04-17 16:11:33,600 django.utils.autoreload INFO     E:\Новая папка\Ugib\ugib\crud\views.py changed, reloading.
2023-04-17 16:11:34,199 django.utils.autoreload INFO     Watching for file changes with StatReloader
2023-04-17 16:15:38,616 django.utils.autoreload INFO     E:\Новая папка\Ugib\ugib\crud\views.py changed, reloading.
2023-04-17 16:15:39,225 django.utils.autoreload INFO     Watching for file changes with StatReloader
2023-04-17 16:15:39,930 crud.views   INFO     Load <class 'crud.models.UdsMeta'> page
2023-04-17 16:15:44,765 crud.views   INFO     Load <class 'crud.models.UdsMeta'> page
2023-04-17 16:15:44,954 crud.views   INFO     Load <class 'crud.models.UdsMeta'> page
2023-04-17 16:15:46,490 django.request WARNING  Not Found: /favicon.ico
2023-04-17 16:16:03,663 django.utils.autoreload INFO     E:\Новая папка\Ugib\ugib\crud\views.py changed, reloading.
2023-04-17 16:16:04,306 django.utils.autoreload INFO     Watching for file changes with StatReloader
2023-04-17 16:16:05,017 crud.views   INFO     Load <class 'crud.models.UdsMeta'> page
2023-04-17 16:16:06,086 crud.views   INFO     Load <class 'crud.models.UdsMeta'> page
2023-04-17 16:16:07,234 django.request WARNING  Not Found: /favicon.ico
2023-04-17 16:16:39,702 django.utils.autoreload INFO     E:\Новая папка\Ugib\ugib\crud\views.py changed, reloading.
2023-04-17 16:16:40,360 django.utils.autoreload INFO     Watching for file changes with StatReloader
2023-04-17 16:16:44,521 crud.views   INFO     Load <class 'crud.models.UdsMeta'> page
2023-04-17 16:16:45,934 crud.views   INFO     Load <class 'crud.models.UdsMeta'> page
2023-04-17 16:16:47,015 django.request WARNING  Not Found: /favicon.ico
2023-04-17 16:16:47,593 crud.views   INFO     Load <class 'crud.models.UdsMeta'> page
2023-04-17 16:16:48,646 django.request WARNING  Not Found: /favicon.ico
2023-04-17 16:17:12,554 django.utils.autoreload INFO     E:\Новая папка\Ugib\ugib\crud\views.py changed, reloading.
2023-04-17 16:17:13,186 django.utils.autoreload INFO     Watching for file changes with StatReloader
2023-04-17 16:17:27,845 django.utils.autoreload INFO     E:\Новая папка\Ugib\ugib\crud\views.py changed, reloading.
2023-04-17 16:17:28,508 django.utils.autoreload INFO     Watching for file changes with StatReloader
2023-04-17 16:17:29,219 crud.views   INFO     Load <class 'crud.models.UdsMeta'> page
2023-04-17 16:17:30,218 crud.views   INFO     Load <class 'crud.models.UdsMeta'> page
2023-04-17 16:17:30,258 django.request WARNING  Not Found: /favicon.ico
2023-04-17 16:17:38,141 django.utils.autoreload INFO     E:\Новая папка\Ugib\ugib\crud\views.py changed, reloading.
2023-04-17 16:17:38,767 django.utils.autoreload INFO     Watching for file changes with StatReloader
2023-04-17 16:17:40,374 crud.views   INFO     Load <class 'crud.models.UdsMeta'> page
2023-04-17 16:18:05,831 django.utils.autoreload INFO     E:\Новая папка\Ugib\ugib\crud\views.py changed, reloading.
2023-04-17 16:18:06,517 django.utils.autoreload INFO     Watching for file changes with StatReloader
2023-04-17 16:18:10,484 django.utils.autoreload INFO     E:\Новая папка\Ugib\ugib\crud\views.py changed, reloading.
2023-04-17 16:18:11,100 django.utils.autoreload INFO     Watching for file changes with StatReloader
2023-04-17 16:18:11,713 crud.views   INFO     Load <class 'crud.models.UdsMeta'> page
2023-04-17 16:18:12,866 django.request WARNING  Not Found: /favicon.ico
2023-04-17 16:18:12,872 crud.views   INFO     Load <class 'crud.models.UdsMeta'> page
2023-04-17 16:18:46,376 django.utils.autoreload INFO     E:\Новая папка\Ugib\ugib\crud\views.py changed, reloading.
2023-04-17 16:18:47,004 django.utils.autoreload INFO     Watching for file changes with StatReloader
2023-04-17 16:19:04,189 django.utils.autoreload INFO     E:\Новая папка\Ugib\ugib\crud\views.py changed, reloading.
2023-04-17 16:19:04,729 django.utils.autoreload INFO     Watching for file changes with StatReloader
2023-04-17 16:19:12,925 django.utils.autoreload INFO     E:\Новая папка\Ugib\ugib\crud\views.py changed, reloading.
2023-04-17 16:19:13,518 django.utils.autoreload INFO     Watching for file changes with StatReloader
2023-04-17 16:19:14,456 crud.views   INFO     Load <class 'crud.models.UdsMeta'> page
2023-04-17 16:19:14,945 crud.views   INFO     Load <class 'crud.models.UdsMeta'> page
2023-04-17 16:19:16,159 django.request WARNING  Not Found: /favicon.ico
2023-04-17 16:19:16,219 crud.views   INFO     Load <class 'crud.models.UdsMeta'> page
2023-04-17 16:19:54,135 django.utils.autoreload INFO     E:\Новая папка\Ugib\ugib\crud\views.py changed, reloading.
2023-04-17 16:19:54,773 django.utils.autoreload INFO     Watching for file changes with StatReloader
2023-04-17 16:19:55,535 crud.views   INFO     Load <class 'crud.models.UdsMeta'> page
2023-04-17 16:19:56,297 crud.views   INFO     Load <class 'crud.models.UdsMeta'> page
2023-04-17 16:19:56,996 django.request WARNING  Not Found: /favicon.ico
2023-04-17 16:19:57,548 django.request WARNING  Not Found: /favicon.ico
2023-04-17 16:20:26,829 django.utils.autoreload INFO     E:\Новая папка\Ugib\ugib\crud\views.py changed, reloading.
2023-04-17 16:20:27,459 django.utils.autoreload INFO     Watching for file changes with StatReloader
2023-04-17 16:20:28,183 crud.views   INFO     Load <class 'crud.models.UdsMeta'> page
2023-04-17 16:21:01,355 django.utils.autoreload INFO     E:\Новая папка\Ugib\ugib\crud\views.py changed, reloading.
2023-04-17 16:21:01,943 django.utils.autoreload INFO     Watching for file changes with StatReloader
2023-04-17 16:21:08,319 crud.views   INFO     Load <class 'crud.models.UdsMeta'> page
2023-04-17 16:36:29,308 crud.views   INFO     Load <class 'crud.models.UdsMeta'> page
2023-04-17 16:36:30,547 crud.views   INFO     Load <class 'crud.models.UdsMeta'> page
2023-04-17 16:36:31,919 django.request WARNING  Not Found: /favicon.ico
2023-04-17 16:36:32,343 crud.views   INFO     Load <class 'crud.models.UdsMeta'> page
2023-04-17 16:36:33,467 django.request WARNING  Not Found: /favicon.ico
2023-04-17 16:39:35,237 django.request WARNING  Not Found: /favicon.ico
2023-04-17 16:42:25,727 django.utils.autoreload INFO     E:\Новая папка\Ugib\ugib\crud\views.py changed, reloading.
2023-04-17 16:42:26,937 django.utils.autoreload INFO     Watching for file changes with StatReloader
2023-04-17 16:42:28,907 crud.views   INFO     Load <class 'crud.models.UdsMeta'> page
